------------------------
MUST REMOVE ANYTREE
------------------------
Data Dims (55, 5)
Learning Set Entropy: 0.4394969869215134
<class 'numpy.ndarray'>
(4, 54, 2)
0
54
[[Interval(-inf, 4.699999999999999, closed='neither')
  Interval(4.699999999999999, inf, closed='left')]
 [Interval(-inf, 4.85, closed='neither')
  Interval(4.85, inf, closed='left')]
 [Interval(-inf, 4.95, closed='neither')
  Interval(4.95, inf, closed='left')]
 [Interval(-inf, 5.0, closed='neither') Interval(5.0, inf, closed='left')]
 [Interval(-inf, 5.0, closed='neither') Interval(5.0, inf, closed='left')]
 [Interval(-inf, 5.05, closed='neither')
  Interval(5.05, inf, closed='left')]
 [Interval(-inf, 5.1, closed='neither') Interval(5.1, inf, closed='left')]
 [Interval(-inf, 5.15, closed='neither')
  Interval(5.15, inf, closed='left')]
 [Interval(-inf, 5.25, closed='neither')
  Interval(5.25, inf, closed='left')]
 [Interval(-inf, 5.35, closed='neither')
  Interval(5.35, inf, closed='left')]
 [Interval(-inf, 5.45, closed='neither')
  Interval(5.45, inf, closed='left')]
 [Interval(-inf, 5.5, closed='neither') Interval(5.5, inf, closed='left')]
 [Interval(-inf, 5.5, closed='neither') Interval(5.5, inf, closed='left')]
 [Interval(-inf, 5.5, closed='neither') Interval(5.5, inf, closed='left')]
 [Interval(-inf, 5.5, closed='neither') Interval(5.5, inf, closed='left')]
 [Interval(-inf, 5.55, closed='neither')
  Interval(5.55, inf, closed='left')]
 [Interval(-inf, 5.6, closed='neither') Interval(5.6, inf, closed='left')]
 [Interval(-inf, 5.6, closed='neither') Interval(5.6, inf, closed='left')]
 [Interval(-inf, 5.6, closed='neither') Interval(5.6, inf, closed='left')]
 [Interval(-inf, 5.6, closed='neither') Interval(5.6, inf, closed='left')]
 [Interval(-inf, 5.65, closed='neither')
  Interval(5.65, inf, closed='left')]
 [Interval(-inf, 5.7, closed='neither') Interval(5.7, inf, closed='left')]
 [Interval(-inf, 5.7, closed='neither') Interval(5.7, inf, closed='left')]
 [Interval(-inf, 5.7, closed='neither') Interval(5.7, inf, closed='left')]
 [Interval(-inf, 5.7, closed='neither') Interval(5.7, inf, closed='left')]
 [Interval(-inf, 5.75, closed='neither')
  Interval(5.75, inf, closed='left')]
 [Interval(-inf, 5.8, closed='neither') Interval(5.8, inf, closed='left')]
 [Interval(-inf, 5.8, closed='neither') Interval(5.8, inf, closed='left')]
 [Interval(-inf, 5.85, closed='neither')
  Interval(5.85, inf, closed='left')]
 [Interval(-inf, 5.9, closed='neither') Interval(5.9, inf, closed='left')]
 [Interval(-inf, 5.95, closed='neither')
  Interval(5.95, inf, closed='left')]
 [Interval(-inf, 6.0, closed='neither') Interval(6.0, inf, closed='left')]
 [Interval(-inf, 6.0, closed='neither') Interval(6.0, inf, closed='left')]
 [Interval(-inf, 6.0, closed='neither') Interval(6.0, inf, closed='left')]
 [Interval(-inf, 6.05, closed='neither')
  Interval(6.05, inf, closed='left')]
 [Interval(-inf, 6.1, closed='neither') Interval(6.1, inf, closed='left')]
 [Interval(-inf, 6.1, closed='neither') Interval(6.1, inf, closed='left')]
 [Interval(-inf, 6.1, closed='neither') Interval(6.1, inf, closed='left')]
 [Interval(-inf, 6.15, closed='neither')
  Interval(6.15, inf, closed='left')]
 [Interval(-inf, 6.2, closed='neither') Interval(6.2, inf, closed='left')]
 [Interval(-inf, 6.25, closed='neither')
  Interval(6.25, inf, closed='left')]
 [Interval(-inf, 6.3, closed='neither') Interval(6.3, inf, closed='left')]
 [Interval(-inf, 6.3, closed='neither') Interval(6.3, inf, closed='left')]
 [Interval(-inf, 6.35, closed='neither')
  Interval(6.35, inf, closed='left')]
 [Interval(-inf, 6.4, closed='neither') Interval(6.4, inf, closed='left')]
 [Interval(-inf, 6.45, closed='neither')
  Interval(6.45, inf, closed='left')]
 [Interval(-inf, 6.55, closed='neither')
  Interval(6.55, inf, closed='left')]
 [Interval(-inf, 6.6, closed='neither') Interval(6.6, inf, closed='left')]
 [Interval(-inf, 6.65, closed='neither')
  Interval(6.65, inf, closed='left')]
 [Interval(-inf, 6.7, closed='neither') Interval(6.7, inf, closed='left')]
 [Interval(-inf, 6.7, closed='neither') Interval(6.7, inf, closed='left')]
 [Interval(-inf, 6.75, closed='neither')
  Interval(6.75, inf, closed='left')]
 [Interval(-inf, 6.85, closed='neither')
  Interval(6.85, inf, closed='left')]
 [Interval(-inf, 6.95, closed='neither')
  Interval(6.95, inf, closed='left')]]



1
54
[[Interval(-inf, 2.1, closed='neither') Interval(2.1, inf, closed='left')]
 [Interval(-inf, 2.2, closed='neither') Interval(2.2, inf, closed='left')]
 [Interval(-inf, 2.25, closed='neither')
  Interval(2.25, inf, closed='left')]
 [Interval(-inf, 2.3, closed='neither') Interval(2.3, inf, closed='left')]
 [Interval(-inf, 2.3, closed='neither') Interval(2.3, inf, closed='left')]
 [Interval(-inf, 2.3499999999999996, closed='neither')
  Interval(2.3499999999999996, inf, closed='left')]
 [Interval(-inf, 2.4, closed='neither') Interval(2.4, inf, closed='left')]
 [Interval(-inf, 2.4, closed='neither') Interval(2.4, inf, closed='left')]
 [Interval(-inf, 2.45, closed='neither')
  Interval(2.45, inf, closed='left')]
 [Interval(-inf, 2.5, closed='neither') Interval(2.5, inf, closed='left')]
 [Interval(-inf, 2.5, closed='neither') Interval(2.5, inf, closed='left')]
 [Interval(-inf, 2.5, closed='neither') Interval(2.5, inf, closed='left')]
 [Interval(-inf, 2.55, closed='neither')
  Interval(2.55, inf, closed='left')]
 [Interval(-inf, 2.6, closed='neither') Interval(2.6, inf, closed='left')]
 [Interval(-inf, 2.6, closed='neither') Interval(2.6, inf, closed='left')]
 [Interval(-inf, 2.6500000000000004, closed='neither')
  Interval(2.6500000000000004, inf, closed='left')]
 [Interval(-inf, 2.7, closed='neither') Interval(2.7, inf, closed='left')]
 [Interval(-inf, 2.7, closed='neither') Interval(2.7, inf, closed='left')]
 [Interval(-inf, 2.7, closed='neither') Interval(2.7, inf, closed='left')]
 [Interval(-inf, 2.7, closed='neither') Interval(2.7, inf, closed='left')]
 [Interval(-inf, 2.75, closed='neither')
  Interval(2.75, inf, closed='left')]
 [Interval(-inf, 2.8, closed='neither') Interval(2.8, inf, closed='left')]
 [Interval(-inf, 2.8, closed='neither') Interval(2.8, inf, closed='left')]
 [Interval(-inf, 2.8, closed='neither') Interval(2.8, inf, closed='left')]
 [Interval(-inf, 2.8, closed='neither') Interval(2.8, inf, closed='left')]
 [Interval(-inf, 2.8, closed='neither') Interval(2.8, inf, closed='left')]
 [Interval(-inf, 2.8499999999999996, closed='neither')
  Interval(2.8499999999999996, inf, closed='left')]
 [Interval(-inf, 2.9, closed='neither') Interval(2.9, inf, closed='left')]
 [Interval(-inf, 2.9, closed='neither') Interval(2.9, inf, closed='left')]
 [Interval(-inf, 2.9, closed='neither') Interval(2.9, inf, closed='left')]
 [Interval(-inf, 2.9, closed='neither') Interval(2.9, inf, closed='left')]
 [Interval(-inf, 2.9, closed='neither') Interval(2.9, inf, closed='left')]
 [Interval(-inf, 2.9, closed='neither') Interval(2.9, inf, closed='left')]
 [Interval(-inf, 2.95, closed='neither')
  Interval(2.95, inf, closed='left')]
 [Interval(-inf, 3.0, closed='neither') Interval(3.0, inf, closed='left')]
 [Interval(-inf, 3.0, closed='neither') Interval(3.0, inf, closed='left')]
 [Interval(-inf, 3.0, closed='neither') Interval(3.0, inf, closed='left')]
 [Interval(-inf, 3.0, closed='neither') Interval(3.0, inf, closed='left')]
 [Interval(-inf, 3.0, closed='neither') Interval(3.0, inf, closed='left')]
 [Interval(-inf, 3.0, closed='neither') Interval(3.0, inf, closed='left')]
 [Interval(-inf, 3.0, closed='neither') Interval(3.0, inf, closed='left')]
 [Interval(-inf, 3.0, closed='neither') Interval(3.0, inf, closed='left')]
 [Interval(-inf, 3.05, closed='neither')
  Interval(3.05, inf, closed='left')]
 [Interval(-inf, 3.1, closed='neither') Interval(3.1, inf, closed='left')]
 [Interval(-inf, 3.1, closed='neither') Interval(3.1, inf, closed='left')]
 [Interval(-inf, 3.1500000000000004, closed='neither')
  Interval(3.1500000000000004, inf, closed='left')]
 [Interval(-inf, 3.2, closed='neither') Interval(3.2, inf, closed='left')]
 [Interval(-inf, 3.2, closed='neither') Interval(3.2, inf, closed='left')]
 [Interval(-inf, 3.2, closed='neither') Interval(3.2, inf, closed='left')]
 [Interval(-inf, 3.25, closed='neither')
  Interval(3.25, inf, closed='left')]
 [Interval(-inf, 3.3, closed='neither') Interval(3.3, inf, closed='left')]
 [Interval(-inf, 3.3499999999999996, closed='neither')
  Interval(3.3499999999999996, inf, closed='left')]
 [Interval(-inf, 3.55, closed='neither')
  Interval(3.55, inf, closed='left')]
 [Interval(-inf, 3.75, closed='neither')
  Interval(3.75, inf, closed='left')]]



2
54
[[Interval(-inf, 1.4, closed='neither') Interval(1.4, inf, closed='left')]
 [Interval(-inf, 1.4, closed='neither') Interval(1.4, inf, closed='left')]
 [Interval(-inf, 1.45, closed='neither')
  Interval(1.45, inf, closed='left')]
 [Interval(-inf, 1.55, closed='neither')
  Interval(1.55, inf, closed='left')]
 [Interval(-inf, 2.3, closed='neither') Interval(2.3, inf, closed='left')]
 [Interval(-inf, 3.15, closed='neither')
  Interval(3.15, inf, closed='left')]
 [Interval(-inf, 3.3, closed='neither') Interval(3.3, inf, closed='left')]
 [Interval(-inf, 3.4, closed='neither') Interval(3.4, inf, closed='left')]
 [Interval(-inf, 3.5, closed='neither') Interval(3.5, inf, closed='left')]
 [Interval(-inf, 3.55, closed='neither')
  Interval(3.55, inf, closed='left')]
 [Interval(-inf, 3.6500000000000004, closed='neither')
  Interval(3.6500000000000004, inf, closed='left')]
 [Interval(-inf, 3.75, closed='neither')
  Interval(3.75, inf, closed='left')]
 [Interval(-inf, 3.8499999999999996, closed='neither')
  Interval(3.8499999999999996, inf, closed='left')]
 [Interval(-inf, 3.9, closed='neither') Interval(3.9, inf, closed='left')]
 [Interval(-inf, 3.9, closed='neither') Interval(3.9, inf, closed='left')]
 [Interval(-inf, 3.95, closed='neither')
  Interval(3.95, inf, closed='left')]
 [Interval(-inf, 4.0, closed='neither') Interval(4.0, inf, closed='left')]
 [Interval(-inf, 4.0, closed='neither') Interval(4.0, inf, closed='left')]
 [Interval(-inf, 4.0, closed='neither') Interval(4.0, inf, closed='left')]
 [Interval(-inf, 4.0, closed='neither') Interval(4.0, inf, closed='left')]
 [Interval(-inf, 4.05, closed='neither')
  Interval(4.05, inf, closed='left')]
 [Interval(-inf, 4.1, closed='neither') Interval(4.1, inf, closed='left')]
 [Interval(-inf, 4.1, closed='neither') Interval(4.1, inf, closed='left')]
 [Interval(-inf, 4.15, closed='neither')
  Interval(4.15, inf, closed='left')]
 [Interval(-inf, 4.2, closed='neither') Interval(4.2, inf, closed='left')]
 [Interval(-inf, 4.2, closed='neither') Interval(4.2, inf, closed='left')]
 [Interval(-inf, 4.2, closed='neither') Interval(4.2, inf, closed='left')]
 [Interval(-inf, 4.25, closed='neither')
  Interval(4.25, inf, closed='left')]
 [Interval(-inf, 4.3, closed='neither') Interval(4.3, inf, closed='left')]
 [Interval(-inf, 4.35, closed='neither')
  Interval(4.35, inf, closed='left')]
 [Interval(-inf, 4.4, closed='neither') Interval(4.4, inf, closed='left')]
 [Interval(-inf, 4.4, closed='neither') Interval(4.4, inf, closed='left')]
 [Interval(-inf, 4.4, closed='neither') Interval(4.4, inf, closed='left')]
 [Interval(-inf, 4.45, closed='neither')
  Interval(4.45, inf, closed='left')]
 [Interval(-inf, 4.5, closed='neither') Interval(4.5, inf, closed='left')]
 [Interval(-inf, 4.5, closed='neither') Interval(4.5, inf, closed='left')]
 [Interval(-inf, 4.5, closed='neither') Interval(4.5, inf, closed='left')]
 [Interval(-inf, 4.5, closed='neither') Interval(4.5, inf, closed='left')]
 [Interval(-inf, 4.5, closed='neither') Interval(4.5, inf, closed='left')]
 [Interval(-inf, 4.5, closed='neither') Interval(4.5, inf, closed='left')]
 [Interval(-inf, 4.55, closed='neither')
  Interval(4.55, inf, closed='left')]
 [Interval(-inf, 4.6, closed='neither') Interval(4.6, inf, closed='left')]
 [Interval(-inf, 4.6, closed='neither') Interval(4.6, inf, closed='left')]
 [Interval(-inf, 4.65, closed='neither')
  Interval(4.65, inf, closed='left')]
 [Interval(-inf, 4.7, closed='neither') Interval(4.7, inf, closed='left')]
 [Interval(-inf, 4.7, closed='neither') Interval(4.7, inf, closed='left')]
 [Interval(-inf, 4.7, closed='neither') Interval(4.7, inf, closed='left')]
 [Interval(-inf, 4.7, closed='neither') Interval(4.7, inf, closed='left')]
 [Interval(-inf, 4.75, closed='neither')
  Interval(4.75, inf, closed='left')]
 [Interval(-inf, 4.8, closed='neither') Interval(4.8, inf, closed='left')]
 [Interval(-inf, 4.85, closed='neither')
  Interval(4.85, inf, closed='left')]
 [Interval(-inf, 4.9, closed='neither') Interval(4.9, inf, closed='left')]
 [Interval(-inf, 4.95, closed='neither')
  Interval(4.95, inf, closed='left')]
 [Interval(-inf, 5.05, closed='neither')
  Interval(5.05, inf, closed='left')]]



3
54
[[Interval(-inf, 0.2, closed='neither') Interval(0.2, inf, closed='left')]
 [Interval(-inf, 0.2, closed='neither') Interval(0.2, inf, closed='left')]
 [Interval(-inf, 0.2, closed='neither') Interval(0.2, inf, closed='left')]
 [Interval(-inf, 0.25, closed='neither')
  Interval(0.25, inf, closed='left')]
 [Interval(-inf, 0.65, closed='neither')
  Interval(0.65, inf, closed='left')]
 [Interval(-inf, 1.0, closed='neither') Interval(1.0, inf, closed='left')]
 [Interval(-inf, 1.0, closed='neither') Interval(1.0, inf, closed='left')]
 [Interval(-inf, 1.0, closed='neither') Interval(1.0, inf, closed='left')]
 [Interval(-inf, 1.0, closed='neither') Interval(1.0, inf, closed='left')]
 [Interval(-inf, 1.0, closed='neither') Interval(1.0, inf, closed='left')]
 [Interval(-inf, 1.0, closed='neither') Interval(1.0, inf, closed='left')]
 [Interval(-inf, 1.05, closed='neither')
  Interval(1.05, inf, closed='left')]
 [Interval(-inf, 1.1, closed='neither') Interval(1.1, inf, closed='left')]
 [Interval(-inf, 1.1, closed='neither') Interval(1.1, inf, closed='left')]
 [Interval(-inf, 1.15, closed='neither')
  Interval(1.15, inf, closed='left')]
 [Interval(-inf, 1.2, closed='neither') Interval(1.2, inf, closed='left')]
 [Interval(-inf, 1.2, closed='neither') Interval(1.2, inf, closed='left')]
 [Interval(-inf, 1.2, closed='neither') Interval(1.2, inf, closed='left')]
 [Interval(-inf, 1.2, closed='neither') Interval(1.2, inf, closed='left')]
 [Interval(-inf, 1.25, closed='neither')
  Interval(1.25, inf, closed='left')]
 [Interval(-inf, 1.3, closed='neither') Interval(1.3, inf, closed='left')]
 [Interval(-inf, 1.3, closed='neither') Interval(1.3, inf, closed='left')]
 [Interval(-inf, 1.3, closed='neither') Interval(1.3, inf, closed='left')]
 [Interval(-inf, 1.3, closed='neither') Interval(1.3, inf, closed='left')]
 [Interval(-inf, 1.3, closed='neither') Interval(1.3, inf, closed='left')]
 [Interval(-inf, 1.3, closed='neither') Interval(1.3, inf, closed='left')]
 [Interval(-inf, 1.3, closed='neither') Interval(1.3, inf, closed='left')]
 [Interval(-inf, 1.3, closed='neither') Interval(1.3, inf, closed='left')]
 [Interval(-inf, 1.3, closed='neither') Interval(1.3, inf, closed='left')]
 [Interval(-inf, 1.3, closed='neither') Interval(1.3, inf, closed='left')]
 [Interval(-inf, 1.3, closed='neither') Interval(1.3, inf, closed='left')]
 [Interval(-inf, 1.3, closed='neither') Interval(1.3, inf, closed='left')]
 [Interval(-inf, 1.35, closed='neither')
  Interval(1.35, inf, closed='left')]
 [Interval(-inf, 1.4, closed='neither') Interval(1.4, inf, closed='left')]
 [Interval(-inf, 1.4, closed='neither') Interval(1.4, inf, closed='left')]
 [Interval(-inf, 1.4, closed='neither') Interval(1.4, inf, closed='left')]
 [Interval(-inf, 1.4, closed='neither') Interval(1.4, inf, closed='left')]
 [Interval(-inf, 1.4, closed='neither') Interval(1.4, inf, closed='left')]
 [Interval(-inf, 1.4, closed='neither') Interval(1.4, inf, closed='left')]
 [Interval(-inf, 1.45, closed='neither')
  Interval(1.45, inf, closed='left')]
 [Interval(-inf, 1.5, closed='neither') Interval(1.5, inf, closed='left')]
 [Interval(-inf, 1.5, closed='neither') Interval(1.5, inf, closed='left')]
 [Interval(-inf, 1.5, closed='neither') Interval(1.5, inf, closed='left')]
 [Interval(-inf, 1.5, closed='neither') Interval(1.5, inf, closed='left')]
 [Interval(-inf, 1.5, closed='neither') Interval(1.5, inf, closed='left')]
 [Interval(-inf, 1.5, closed='neither') Interval(1.5, inf, closed='left')]
 [Interval(-inf, 1.5, closed='neither') Interval(1.5, inf, closed='left')]
 [Interval(-inf, 1.5, closed='neither') Interval(1.5, inf, closed='left')]
 [Interval(-inf, 1.5, closed='neither') Interval(1.5, inf, closed='left')]
 [Interval(-inf, 1.55, closed='neither')
  Interval(1.55, inf, closed='left')]
 [Interval(-inf, 1.6, closed='neither') Interval(1.6, inf, closed='left')]
 [Interval(-inf, 1.6, closed='neither') Interval(1.6, inf, closed='left')]
 [Interval(-inf, 1.65, closed='neither')
  Interval(1.65, inf, closed='left')]
 [Interval(-inf, 1.75, closed='neither')
  Interval(1.75, inf, closed='left')]]



[[0.0654767  0.1370954  0.08855002 0.08855002 0.08855002 0.11122233
  0.11122233 0.16710015 0.15094889 0.25767881 0.24069094 0.24069094
  0.24069094 0.24069094 0.24069094 0.17883132 0.17883132 0.17883132
  0.17883132 0.17883132 0.13715107 0.13715107 0.13715107 0.13715107
  0.13715107 0.10562196 0.10562196 0.10562196 0.08981138 0.08981138
  0.08024221 0.08024221 0.08024221 0.08024221 0.06297795 0.06297795
  0.06297795 0.06297795 0.04772772 0.04772772 0.04072077 0.04072077
  0.04072077 0.03086673 0.03086673 0.02468649 0.02170237 0.02170237
  0.01593061 0.01593061 0.01593061 0.00772337 0.00509801 0.00252422]
 [0.00252422 0.00252422 0.00772337 0.00772337 0.00772337 0.01593061
  0.01593061 0.01593061 0.02468649 0.02468649 0.02468649 0.02468649
  0.03735305 0.03735305 0.03735305 0.04772772 0.04772772 0.04772772
  0.04772772 0.04772772 0.06708522 0.06708522 0.06708522 0.06708522
  0.06708522 0.06708522 0.09487204 0.09487204 0.09487204 0.09487204
  0.09487204 0.09487204 0.09487204 0.13715107 0.13715107 0.13715107
  0.13715107 0.13715107 0.13715107 0.13715107 0.13715107 0.13715107
  0.11455876 0.11455876 0.11455876 0.15094889 0.15094889 0.15094889
  0.15094889 0.13096312 0.13096312 0.08855002 0.1370954  0.0654767 ]
 [0.         0.         0.21713234 0.31039002 0.43949699 0.36858545
  0.36858545 0.30067022 0.30067022 0.25767881 0.24069094 0.22570744
  0.21229561 0.21229561 0.21229561 0.17883132 0.17883132 0.17883132
  0.17883132 0.17883132 0.13715107 0.13715107 0.13715107 0.11733632
  0.11733632 0.11733632 0.11733632 0.09487204 0.09487204 0.0849393
  0.0849393  0.0849393  0.0849393  0.06708522 0.06708522 0.06708522
  0.06708522 0.06708522 0.06708522 0.06708522 0.04072077 0.04072077
  0.04072077 0.03086673 0.03086673 0.03086673 0.03086673 0.03086673
  0.01593061 0.01593061 0.01040241 0.01040241 0.00509801 0.00252422]
 [0.         0.         0.         0.31039002 0.43949699 0.43949699
  0.43949699 0.43949699 0.43949699 0.43949699 0.43949699 0.22570744
  0.22570744 0.22570744 0.18905267 0.18905267 0.18905267 0.18905267
  0.18905267 0.14448676 0.14448676 0.14448676 0.14448676 0.14448676
  0.14448676 0.14448676 0.14448676 0.14448676 0.14448676 0.14448676
  0.14448676 0.14448676 0.07132558 0.07132558 0.07132558 0.07132558
  0.07132558 0.07132558 0.07132558 0.04417739 0.04417739 0.04417739
  0.04417739 0.04417739 0.04417739 0.04417739 0.04417739 0.04417739
  0.04417739 0.01313736 0.01313736 0.01313736 0.00509801 0.00252422]]


Best Feature Ix: 2
0.4394969869215134
[Interval(-inf, 2.3, closed='neither') Interval(2.3, inf, closed='left')] <class 'numpy.ndarray'>
[1.4 1.6 1.4 1.5 1.4 4.7 4.5 4.9 4.  4.6 4.5 4.7 3.3 4.6 3.9 3.5 4.2 4.
 4.7 3.6 4.4 4.5 4.1 4.5 3.9 4.8 4.  4.9 4.7 4.3 4.4 4.8 5.  4.5 3.5 3.8
 3.7 3.9 5.1 4.5 4.5 4.7 4.4 4.1 4.  4.4 4.6 4.  3.3 4.2 4.2 4.2 4.3 3.
 4.1]
[0 1 2 3 4]

Subset 0:
[[4.8 3.  1.4 0.3 0. ]
 [5.1 3.8 1.6 0.2 0. ]
 [4.6 3.2 1.4 0.2 0. ]
 [5.3 3.7 1.5 0.2 0. ]
 [5.  3.3 1.4 0.2 0. ]]

Subset 1:
[[7.  3.2 4.7 1.4 1. ]
 [6.4 3.2 4.5 1.5 1. ]
 [6.9 3.1 4.9 1.5 1. ]
 [5.5 2.3 4.  1.3 1. ]
 [6.5 2.8 4.6 1.5 1. ]
 [5.7 2.8 4.5 1.3 1. ]
 [6.3 3.3 4.7 1.6 1. ]
 [4.9 2.4 3.3 1.  1. ]
 [6.6 2.9 4.6 1.3 1. ]
 [5.2 2.7 3.9 1.4 1. ]
 [5.  2.  3.5 1.  1. ]
 [5.9 3.  4.2 1.5 1. ]
 [6.  2.2 4.  1.  1. ]
 [6.1 2.9 4.7 1.4 1. ]
 [5.6 2.9 3.6 1.3 1. ]
 [6.7 3.1 4.4 1.4 1. ]
 [5.6 3.  4.5 1.5 1. ]
 [5.8 2.7 4.1 1.  1. ]
 [6.2 2.2 4.5 1.5 1. ]
 [5.6 2.5 3.9 1.1 1. ]
 [5.9 3.2 4.8 1.8 1. ]
 [6.1 2.8 4.  1.3 1. ]
 [6.3 2.5 4.9 1.5 1. ]
 [6.1 2.8 4.7 1.2 1. ]
 [6.4 2.9 4.3 1.3 1. ]
 [6.6 3.  4.4 1.4 1. ]
 [6.8 2.8 4.8 1.4 1. ]
 [6.7 3.  5.  1.7 1. ]
 [6.  2.9 4.5 1.5 1. ]
 [5.7 2.6 3.5 1.  1. ]
 [5.5 2.4 3.8 1.1 1. ]
 [5.5 2.4 3.7 1.  1. ]
 [5.8 2.7 3.9 1.2 1. ]
 [6.  2.7 5.1 1.6 1. ]
 [5.4 3.  4.5 1.5 1. ]
 [6.  3.4 4.5 1.6 1. ]
 [6.7 3.1 4.7 1.5 1. ]
 [6.3 2.3 4.4 1.3 1. ]
 [5.6 3.  4.1 1.3 1. ]
 [5.5 2.5 4.  1.3 1. ]
 [5.5 2.6 4.4 1.2 1. ]
 [6.1 3.  4.6 1.4 1. ]
 [5.8 2.6 4.  1.2 1. ]
 [5.  2.3 3.3 1.  1. ]
 [5.6 2.7 4.2 1.3 1. ]
 [5.7 3.  4.2 1.2 1. ]
 [5.7 2.9 4.2 1.3 1. ]
 [6.2 2.9 4.3 1.3 1. ]
 [5.1 2.5 3.  1.1 1. ]
 [5.7 2.8 4.1 1.3 1. ]]
Learning Set Entropy: -0.0
Learning Set Entropy: -0.0

-----------------------
[[4.8 3.  1.4 0.3 0. ]
 [5.1 3.8 1.6 0.2 0. ]
 [4.6 3.2 1.4 0.2 0. ]
 [5.3 3.7 1.5 0.2 0. ]
 [5.  3.3 1.4 0.2 0. ]
 [7.  3.2 4.7 1.4 1. ]
 [6.4 3.2 4.5 1.5 1. ]
 [6.9 3.1 4.9 1.5 1. ]
 [5.5 2.3 4.  1.3 1. ]
 [6.5 2.8 4.6 1.5 1. ]
 [5.7 2.8 4.5 1.3 1. ]
 [6.3 3.3 4.7 1.6 1. ]
 [4.9 2.4 3.3 1.  1. ]
 [6.6 2.9 4.6 1.3 1. ]
 [5.2 2.7 3.9 1.4 1. ]
 [5.  2.  3.5 1.  1. ]
 [5.9 3.  4.2 1.5 1. ]
 [6.  2.2 4.  1.  1. ]
 [6.1 2.9 4.7 1.4 1. ]
 [5.6 2.9 3.6 1.3 1. ]
 [6.7 3.1 4.4 1.4 1. ]
 [5.6 3.  4.5 1.5 1. ]
 [5.8 2.7 4.1 1.  1. ]
 [6.2 2.2 4.5 1.5 1. ]
 [5.6 2.5 3.9 1.1 1. ]
 [5.9 3.2 4.8 1.8 1. ]
 [6.1 2.8 4.  1.3 1. ]
 [6.3 2.5 4.9 1.5 1. ]
 [6.1 2.8 4.7 1.2 1. ]
 [6.4 2.9 4.3 1.3 1. ]
 [6.6 3.  4.4 1.4 1. ]
 [6.8 2.8 4.8 1.4 1. ]
 [6.7 3.  5.  1.7 1. ]
 [6.  2.9 4.5 1.5 1. ]
 [5.7 2.6 3.5 1.  1. ]
 [5.5 2.4 3.8 1.1 1. ]
 [5.5 2.4 3.7 1.  1. ]
 [5.8 2.7 3.9 1.2 1. ]
 [6.  2.7 5.1 1.6 1. ]
 [5.4 3.  4.5 1.5 1. ]
 [6.  3.4 4.5 1.6 1. ]
 [6.7 3.1 4.7 1.5 1. ]
 [6.3 2.3 4.4 1.3 1. ]
 [5.6 3.  4.1 1.3 1. ]
 [5.5 2.5 4.  1.3 1. ]
 [5.5 2.6 4.4 1.2 1. ]
 [6.1 3.  4.6 1.4 1. ]
 [5.8 2.6 4.  1.2 1. ]
 [5.  2.3 3.3 1.  1. ]
 [5.6 2.7 4.2 1.3 1. ]
 [5.7 3.  4.2 1.2 1. ]
 [5.7 2.9 4.2 1.3 1. ]
 [6.2 2.9 4.3 1.3 1. ]
 [5.1 2.5 3.  1.1 1. ]
 [5.7 2.8 4.1 1.3 1. ]]

-----------------------

-----------------------
TREE
[2:None:None]
├── [None:(-inf, 2.3):0.0]
└── [None:[2.3, inf):1.0]

-----------------------
