------------------------
MUST REMOVE ANYTREE
------------------------
Data Dims (15, 5)
Learning Set Entropy: 0.9182958340544896
<class 'numpy.ndarray'>
(4, 14, 2)
0
14
[[Interval(-inf, 4.699999999999999, closed='neither')
  Interval(4.699999999999999, inf, closed='left')]
 [Interval(-inf, 4.85, closed='neither')
  Interval(4.85, inf, closed='left')]
 [Interval(-inf, 4.95, closed='neither')
  Interval(4.95, inf, closed='left')]
 [Interval(-inf, 5.05, closed='neither')
  Interval(5.05, inf, closed='left')]
 [Interval(-inf, 5.15, closed='neither')
  Interval(5.15, inf, closed='left')]
 [Interval(-inf, 5.25, closed='neither')
  Interval(5.25, inf, closed='left')]
 [Interval(-inf, 5.4, closed='neither') Interval(5.4, inf, closed='left')]
 [Interval(-inf, 5.6, closed='neither') Interval(5.6, inf, closed='left')]
 [Interval(-inf, 6.0, closed='neither') Interval(6.0, inf, closed='left')]
 [Interval(-inf, 6.35, closed='neither')
  Interval(6.35, inf, closed='left')]
 [Interval(-inf, 6.45, closed='neither')
  Interval(6.45, inf, closed='left')]
 [Interval(-inf, 6.55, closed='neither')
  Interval(6.55, inf, closed='left')]
 [Interval(-inf, 6.75, closed='neither')
  Interval(6.75, inf, closed='left')]
 [Interval(-inf, 6.95, closed='neither')
  Interval(6.95, inf, closed='left')]]



1
14
[[Interval(-inf, 2.3499999999999996, closed='neither')
  Interval(2.3499999999999996, inf, closed='left')]
 [Interval(-inf, 2.55, closed='neither')
  Interval(2.55, inf, closed='left')]
 [Interval(-inf, 2.75, closed='neither')
  Interval(2.75, inf, closed='left')]
 [Interval(-inf, 2.8, closed='neither') Interval(2.8, inf, closed='left')]
 [Interval(-inf, 2.8499999999999996, closed='neither')
  Interval(2.8499999999999996, inf, closed='left')]
 [Interval(-inf, 2.95, closed='neither')
  Interval(2.95, inf, closed='left')]
 [Interval(-inf, 3.05, closed='neither')
  Interval(3.05, inf, closed='left')]
 [Interval(-inf, 3.1500000000000004, closed='neither')
  Interval(3.1500000000000004, inf, closed='left')]
 [Interval(-inf, 3.2, closed='neither') Interval(3.2, inf, closed='left')]
 [Interval(-inf, 3.2, closed='neither') Interval(3.2, inf, closed='left')]
 [Interval(-inf, 3.25, closed='neither')
  Interval(3.25, inf, closed='left')]
 [Interval(-inf, 3.3, closed='neither') Interval(3.3, inf, closed='left')]
 [Interval(-inf, 3.5, closed='neither') Interval(3.5, inf, closed='left')]
 [Interval(-inf, 3.75, closed='neither')
  Interval(3.75, inf, closed='left')]]



2
14
[[Interval(-inf, 1.4, closed='neither') Interval(1.4, inf, closed='left')]
 [Interval(-inf, 1.4, closed='neither') Interval(1.4, inf, closed='left')]
 [Interval(-inf, 1.45, closed='neither')
  Interval(1.45, inf, closed='left')]
 [Interval(-inf, 1.55, closed='neither')
  Interval(1.55, inf, closed='left')]
 [Interval(-inf, 2.45, closed='neither')
  Interval(2.45, inf, closed='left')]
 [Interval(-inf, 3.5999999999999996, closed='neither')
  Interval(3.5999999999999996, inf, closed='left')]
 [Interval(-inf, 3.95, closed='neither')
  Interval(3.95, inf, closed='left')]
 [Interval(-inf, 4.25, closed='neither')
  Interval(4.25, inf, closed='left')]
 [Interval(-inf, 4.5, closed='neither') Interval(4.5, inf, closed='left')]
 [Interval(-inf, 4.55, closed='neither')
  Interval(4.55, inf, closed='left')]
 [Interval(-inf, 4.6, closed='neither') Interval(4.6, inf, closed='left')]
 [Interval(-inf, 4.65, closed='neither')
  Interval(4.65, inf, closed='left')]
 [Interval(-inf, 4.7, closed='neither') Interval(4.7, inf, closed='left')]
 [Interval(-inf, 4.800000000000001, closed='neither')
  Interval(4.800000000000001, inf, closed='left')]]



3
14
[[Interval(-inf, 0.2, closed='neither') Interval(0.2, inf, closed='left')]
 [Interval(-inf, 0.2, closed='neither') Interval(0.2, inf, closed='left')]
 [Interval(-inf, 0.2, closed='neither') Interval(0.2, inf, closed='left')]
 [Interval(-inf, 0.25, closed='neither')
  Interval(0.25, inf, closed='left')]
 [Interval(-inf, 0.65, closed='neither')
  Interval(0.65, inf, closed='left')]
 [Interval(-inf, 1.15, closed='neither')
  Interval(1.15, inf, closed='left')]
 [Interval(-inf, 1.3, closed='neither') Interval(1.3, inf, closed='left')]
 [Interval(-inf, 1.3, closed='neither') Interval(1.3, inf, closed='left')]
 [Interval(-inf, 1.35, closed='neither')
  Interval(1.35, inf, closed='left')]
 [Interval(-inf, 1.4, closed='neither') Interval(1.4, inf, closed='left')]
 [Interval(-inf, 1.45, closed='neither')
  Interval(1.45, inf, closed='left')]
 [Interval(-inf, 1.5, closed='neither') Interval(1.5, inf, closed='left')]
 [Interval(-inf, 1.5, closed='neither') Interval(1.5, inf, closed='left')]
 [Interval(-inf, 1.55, closed='neither')
  Interval(1.55, inf, closed='left')]]



[[0.11271664 0.24285931 0.08561417 0.20032681 0.36498941 0.2490225
  0.51550624 0.40926437 0.3236502  0.25162917 0.18934035 0.13440083
  0.08522411 0.04069561]
 [0.04069561 0.08522411 0.13440083 0.13440083 0.25162917 0.3236502
  0.10884854 0.16862167 0.16862167 0.16862167 0.20032681 0.20032681
  0.24285931 0.11271664]
 [0.         0.         0.3982779  0.59599804 0.91829583 0.65828687
  0.51550624 0.40926437 0.40926437 0.25162917 0.25162917 0.13440083
  0.13440083 0.04069561]
 [0.         0.         0.         0.59599804 0.91829583 0.65828687
  0.65828687 0.65828687 0.3236502  0.3236502  0.18934035 0.18934035
  0.18934035 0.04069561]]


Best Feature Ix: 2
0.9182958340544896
[Interval(-inf, 2.45, closed='neither') Interval(2.45, inf, closed='left')] <class 'numpy.ndarray'>
[1.4 1.6 1.4 1.5 1.4 4.7 4.5 4.9 4.  4.6 4.5 4.7 3.3 4.6 3.9]
[0 1 2 3 4]

Subset 0:
[[4.8 3.  1.4 0.3 0. ]
 [5.1 3.8 1.6 0.2 0. ]
 [4.6 3.2 1.4 0.2 0. ]
 [5.3 3.7 1.5 0.2 0. ]
 [5.  3.3 1.4 0.2 0. ]]

Subset 1:
[[7.  3.2 4.7 1.4 1. ]
 [6.4 3.2 4.5 1.5 1. ]
 [6.9 3.1 4.9 1.5 1. ]
 [5.5 2.3 4.  1.3 1. ]
 [6.5 2.8 4.6 1.5 1. ]
 [5.7 2.8 4.5 1.3 1. ]
 [6.3 3.3 4.7 1.6 1. ]
 [4.9 2.4 3.3 1.  1. ]
 [6.6 2.9 4.6 1.3 1. ]
 [5.2 2.7 3.9 1.4 1. ]]
Learning Set Entropy: -0.0
Learning Set Entropy: -0.0

-----------------------
[[4.8 3.  1.4 0.3 0. ]
 [5.1 3.8 1.6 0.2 0. ]
 [4.6 3.2 1.4 0.2 0. ]
 [5.3 3.7 1.5 0.2 0. ]
 [5.  3.3 1.4 0.2 0. ]
 [7.  3.2 4.7 1.4 1. ]
 [6.4 3.2 4.5 1.5 1. ]
 [6.9 3.1 4.9 1.5 1. ]
 [5.5 2.3 4.  1.3 1. ]
 [6.5 2.8 4.6 1.5 1. ]
 [5.7 2.8 4.5 1.3 1. ]
 [6.3 3.3 4.7 1.6 1. ]
 [4.9 2.4 3.3 1.  1. ]
 [6.6 2.9 4.6 1.3 1. ]
 [5.2 2.7 3.9 1.4 1. ]]

-----------------------

-----------------------
TREE
[2:None:None]
├── [None:(-inf, 2.45):0.0]
└── [None:[2.45, inf):1.0]

-----------------------
[[4.8 3.  1.4 0.3]
 [5.1 3.8 1.6 0.2]
 [4.6 3.2 1.4 0.2]
 [5.3 3.7 1.5 0.2]
 [5.  3.3 1.4 0.2]
 [7.  3.2 4.7 1.4]
 [6.4 3.2 4.5 1.5]
 [6.9 3.1 4.9 1.5]
 [5.5 2.3 4.  1.3]
 [6.5 2.8 4.6 1.5]
 [5.7 2.8 4.5 1.3]
 [6.3 3.3 4.7 1.6]
 [4.9 2.4 3.3 1. ]
 [6.6 2.9 4.6 1.3]
 [5.2 2.7 3.9 1.4]]
[0. 0. 0. 0. 0. 1. 1. 1. 1. 1. 1. 1. 1. 1. 1.]
15/15
