
In __main__
[['sunny' 'hot' 'high' False 'N']
 ['sunny' 'hot' 'high' True 'N']
 ['overcast' 'hot' 'high' False 'P']
 ['rain' 'mild' 'high' False 'P']
 ['rain' 'cool' 'normal' False 'P']
 ['rain' 'cool' 'normal' True 'N']
 ['overcast' 'cool' 'normal' True 'P']
 ['sunny' 'mild' 'high' False 'N']
 ['sunny' 'cool' 'normal' False 'P']
 ['rain' 'mild' 'normal' False 'P']
 ['sunny' 'mild' 'normal' True 'P']
 ['overcast' 'mild' 'high' True 'P']
 ['overcast' 'hot' 'normal' False 'P']
 ['rain' 'mild' 'high' True 'N']]


0
<class '__main__.Node'> object at 0x201dca171f0: (attribute=None, decision=None)
[['overcast' 'hot' 'high' False 'P']
 ['overcast' 'cool' 'normal' True 'P']
 ['overcast' 'mild' 'high' True 'P']
 ['overcast' 'hot' 'normal' False 'P']]



In `if learning_set_entropy == 0`
<class '__main__.Node'> object at 0x201dca171f0: (attribute=None, decision=P)
