
In __main__
[['sunny' 'hot' 'high' False 'N']
 ['sunny' 'hot' 'high' True 'N']
 ['overcast' 'hot' 'high' False 'P']
 ['rain' 'mild' 'high' False 'P']
 ['rain' 'cool' 'normal' False 'P']
 ['rain' 'cool' 'normal' True 'N']
 ['overcast' 'cool' 'normal' True 'P']
 ['sunny' 'mild' 'high' False 'N']
 ['sunny' 'cool' 'normal' False 'P']
 ['rain' 'mild' 'normal' False 'P']
 ['sunny' 'mild' 'normal' True 'P']
 ['overcast' 'mild' 'high' True 'P']
 ['overcast' 'hot' 'normal' False 'P']
 ['rain' 'mild' 'high' True 'N']]
['N' 'N' 'P' 'P' 'P' 'N' 'P' 'N' 'P' 'P' 'P' 'P' 'P' 'N']

Learning Set Entropy:0.9402859586706309


0
<class '__main__.Node'> object at 0x1d978bb2580: (attribute=None, category=overcast, decision=None)
[['overcast' 'hot' 'high' False 'P']
 ['overcast' 'cool' 'normal' True 'P']
 ['overcast' 'mild' 'high' True 'P']
 ['overcast' 'hot' 'normal' False 'P']]


['P' 'P' 'P' 'P']

Learning Set Entropy:-0.0

In `if learning_set_entropy == 0`
<class '__main__.Node'> object at 0x1d978bb2580: (attribute=None, category=overcast, decision=P)
<class '__main__.Node'> object at 0x1d97b4b2910: (attribute=None, category=rain, decision=None)
[['rain' 'mild' 'high' False 'P']
 ['rain' 'cool' 'normal' False 'P']
 ['rain' 'cool' 'normal' True 'N']
 ['rain' 'mild' 'normal' False 'P']
 ['rain' 'mild' 'high' True 'N']]


['P' 'P' 'N' 'P' 'N']

Learning Set Entropy:0.9709505944546686
