Data Dims (15, 5)
0
0
[None]



1
14
[(Interval(-inf, 2.3499999999999996, closed='neither'), Interval(2.3499999999999996, inf, closed='left')), (Interval(-inf, 2.55, closed='neither'), Interval(2.55, inf, closed='left')), (Interval(-inf, 2.75, closed='neither'), Interval(2.75, inf, closed='left')), (Interval(-inf, 2.8, closed='neither'), Interval(2.8, inf, closed='left')), (Interval(-inf, 2.8499999999999996, closed='neither'), Interval(2.8499999999999996, inf, closed='left')), (Interval(-inf, 2.95, closed='neither'), Interval(2.95, inf, closed='left')), (Interval(-inf, 3.05, closed='neither'), Interval(3.05, inf, closed='left')), (Interval(-inf, 3.1500000000000004, closed='neither'), Interval(3.1500000000000004, inf, closed='left')), (Interval(-inf, 3.2, closed='neither'), Interval(3.2, inf, closed='left')), (Interval(-inf, 3.2, closed='neither'), Interval(3.2, inf, closed='left')), (Interval(-inf, 3.25, closed='neither'), Interval(3.25, inf, closed='left')), (Interval(-inf, 3.3, closed='neither'), Interval(3.3, inf, closed='left')), (Interval(-inf, 3.5, closed='neither'), Interval(3.5, inf, closed='left')), (Interval(-inf, 3.75, closed='neither'), Interval(3.75, inf, closed='left'))]



2
14
[(Interval(-inf, 1.4, closed='neither'), Interval(1.4, inf, closed='left')), (Interval(-inf, 1.4, closed='neither'), Interval(1.4, inf, closed='left')), (Interval(-inf, 1.45, closed='neither'), Interval(1.45, inf, closed='left')), (Interval(-inf, 1.55, closed='neither'), Interval(1.55, inf, closed='left')), (Interval(-inf, 2.45, closed='neither'), Interval(2.45, inf, closed='left')), (Interval(-inf, 3.5999999999999996, closed='neither'), Interval(3.5999999999999996, inf, closed='left')), (Interval(-inf, 3.95, closed='neither'), Interval(3.95, inf, closed='left')), (Interval(-inf, 4.25, closed='neither'), Interval(4.25, inf, closed='left')), (Interval(-inf, 4.5, closed='neither'), Interval(4.5, inf, closed='left')), (Interval(-inf, 4.55, closed='neither'), Interval(4.55, inf, closed='left')), (Interval(-inf, 4.6, closed='neither'), Interval(4.6, inf, closed='left')), (Interval(-inf, 4.65, closed='neither'), Interval(4.65, inf, closed='left')), (Interval(-inf, 4.7, closed='neither'), Interval(4.7, inf, closed='left')), (Interval(-inf, 4.800000000000001, closed='neither'), Interval(4.800000000000001, inf, closed='left'))]



3
14
[(Interval(-inf, 0.2, closed='neither'), Interval(0.2, inf, closed='left')), (Interval(-inf, 0.2, closed='neither'), Interval(0.2, inf, closed='left')), (Interval(-inf, 0.2, closed='neither'), Interval(0.2, inf, closed='left')), (Interval(-inf, 0.25, closed='neither'), Interval(0.25, inf, closed='left')), (Interval(-inf, 0.65, closed='neither'), Interval(0.65, inf, closed='left')), (Interval(-inf, 1.15, closed='neither'), Interval(1.15, inf, closed='left')), (Interval(-inf, 1.3, closed='neither'), Interval(1.3, inf, closed='left')), (Interval(-inf, 1.3, closed='neither'), Interval(1.3, inf, closed='left')), (Interval(-inf, 1.35, closed='neither'), Interval(1.35, inf, closed='left')), (Interval(-inf, 1.4, closed='neither'), Interval(1.4, inf, closed='left')), (Interval(-inf, 1.45, closed='neither'), Interval(1.45, inf, closed='left')), (Interval(-inf, 1.5, closed='neither'), Interval(1.5, inf, closed='left')), (Interval(-inf, 1.5, closed='neither'), Interval(1.5, inf, closed='left')), (Interval(-inf, 1.55, closed='neither'), Interval(1.55, inf, closed='left'))]



[[       nan        nan        nan        nan        nan        nan
         nan        nan        nan        nan        nan        nan
         nan        nan]
 [0.04069561 0.08522411 0.13440083 0.13440083 0.25162917 0.3236502
  0.10884854 0.16862167 0.16862167 0.16862167 0.20032681 0.20032681
  0.24285931 0.11271664]
 [0.         0.         0.3982779  0.59599804 0.91829583 0.65828687
  0.51550624 0.40926437 0.40926437 0.25162917 0.25162917 0.13440083
  0.13440083 0.04069561]
 [0.         0.         0.         0.59599804 0.91829583 0.65828687
  0.65828687 0.65828687 0.3236502  0.3236502  0.18934035 0.18934035
  0.18934035 0.04069561]]
