Data Dims (150, 5)
Learning Set Entropy: 1.584962500721156
<class 'numpy.ndarray'>
(4, 149, 2)
0
149
[[Interval(-inf, 4.35, closed='neither')
  Interval(4.35, inf, closed='left')]
 [Interval(-inf, 4.4, closed='neither') Interval(4.4, inf, closed='left')]
 [Interval(-inf, 4.4, closed='neither') Interval(4.4, inf, closed='left')]
 [Interval(-inf, 4.45, closed='neither')
  Interval(4.45, inf, closed='left')]
 [Interval(-inf, 4.55, closed='neither')
  Interval(4.55, inf, closed='left')]
 [Interval(-inf, 4.6, closed='neither') Interval(4.6, inf, closed='left')]
 [Interval(-inf, 4.6, closed='neither') Interval(4.6, inf, closed='left')]
 [Interval(-inf, 4.6, closed='neither') Interval(4.6, inf, closed='left')]
 [Interval(-inf, 4.65, closed='neither')
  Interval(4.65, inf, closed='left')]
 [Interval(-inf, 4.7, closed='neither') Interval(4.7, inf, closed='left')]
 [Interval(-inf, 4.75, closed='neither')
  Interval(4.75, inf, closed='left')]
 [Interval(-inf, 4.8, closed='neither') Interval(4.8, inf, closed='left')]
 [Interval(-inf, 4.8, closed='neither') Interval(4.8, inf, closed='left')]
 [Interval(-inf, 4.8, closed='neither') Interval(4.8, inf, closed='left')]
 [Interval(-inf, 4.8, closed='neither') Interval(4.8, inf, closed='left')]
 [Interval(-inf, 4.85, closed='neither')
  Interval(4.85, inf, closed='left')]
 [Interval(-inf, 4.9, closed='neither') Interval(4.9, inf, closed='left')]
 [Interval(-inf, 4.9, closed='neither') Interval(4.9, inf, closed='left')]
 [Interval(-inf, 4.9, closed='neither') Interval(4.9, inf, closed='left')]
 [Interval(-inf, 4.9, closed='neither') Interval(4.9, inf, closed='left')]
 [Interval(-inf, 4.9, closed='neither') Interval(4.9, inf, closed='left')]
 [Interval(-inf, 4.95, closed='neither')
  Interval(4.95, inf, closed='left')]
 [Interval(-inf, 5.0, closed='neither') Interval(5.0, inf, closed='left')]
 [Interval(-inf, 5.0, closed='neither') Interval(5.0, inf, closed='left')]
 [Interval(-inf, 5.0, closed='neither') Interval(5.0, inf, closed='left')]
 [Interval(-inf, 5.0, closed='neither') Interval(5.0, inf, closed='left')]
 [Interval(-inf, 5.0, closed='neither') Interval(5.0, inf, closed='left')]
 [Interval(-inf, 5.0, closed='neither') Interval(5.0, inf, closed='left')]
 [Interval(-inf, 5.0, closed='neither') Interval(5.0, inf, closed='left')]
 [Interval(-inf, 5.0, closed='neither') Interval(5.0, inf, closed='left')]
 [Interval(-inf, 5.0, closed='neither') Interval(5.0, inf, closed='left')]
 [Interval(-inf, 5.05, closed='neither')
  Interval(5.05, inf, closed='left')]
 [Interval(-inf, 5.1, closed='neither') Interval(5.1, inf, closed='left')]
 [Interval(-inf, 5.1, closed='neither') Interval(5.1, inf, closed='left')]
 [Interval(-inf, 5.1, closed='neither') Interval(5.1, inf, closed='left')]
 [Interval(-inf, 5.1, closed='neither') Interval(5.1, inf, closed='left')]
 [Interval(-inf, 5.1, closed='neither') Interval(5.1, inf, closed='left')]
 [Interval(-inf, 5.1, closed='neither') Interval(5.1, inf, closed='left')]
 [Interval(-inf, 5.1, closed='neither') Interval(5.1, inf, closed='left')]
 [Interval(-inf, 5.1, closed='neither') Interval(5.1, inf, closed='left')]
 [Interval(-inf, 5.15, closed='neither')
  Interval(5.15, inf, closed='left')]
 [Interval(-inf, 5.2, closed='neither') Interval(5.2, inf, closed='left')]
 [Interval(-inf, 5.2, closed='neither') Interval(5.2, inf, closed='left')]
 [Interval(-inf, 5.2, closed='neither') Interval(5.2, inf, closed='left')]
 [Interval(-inf, 5.25, closed='neither')
  Interval(5.25, inf, closed='left')]
 [Interval(-inf, 5.35, closed='neither')
  Interval(5.35, inf, closed='left')]
 [Interval(-inf, 5.4, closed='neither') Interval(5.4, inf, closed='left')]
 [Interval(-inf, 5.4, closed='neither') Interval(5.4, inf, closed='left')]
 [Interval(-inf, 5.4, closed='neither') Interval(5.4, inf, closed='left')]
 [Interval(-inf, 5.4, closed='neither') Interval(5.4, inf, closed='left')]
 [Interval(-inf, 5.4, closed='neither') Interval(5.4, inf, closed='left')]
 [Interval(-inf, 5.45, closed='neither')
  Interval(5.45, inf, closed='left')]
 [Interval(-inf, 5.5, closed='neither') Interval(5.5, inf, closed='left')]
 [Interval(-inf, 5.5, closed='neither') Interval(5.5, inf, closed='left')]
 [Interval(-inf, 5.5, closed='neither') Interval(5.5, inf, closed='left')]
 [Interval(-inf, 5.5, closed='neither') Interval(5.5, inf, closed='left')]
 [Interval(-inf, 5.5, closed='neither') Interval(5.5, inf, closed='left')]
 [Interval(-inf, 5.5, closed='neither') Interval(5.5, inf, closed='left')]
 [Interval(-inf, 5.55, closed='neither')
  Interval(5.55, inf, closed='left')]
 [Interval(-inf, 5.6, closed='neither') Interval(5.6, inf, closed='left')]
 [Interval(-inf, 5.6, closed='neither') Interval(5.6, inf, closed='left')]
 [Interval(-inf, 5.6, closed='neither') Interval(5.6, inf, closed='left')]
 [Interval(-inf, 5.6, closed='neither') Interval(5.6, inf, closed='left')]
 [Interval(-inf, 5.6, closed='neither') Interval(5.6, inf, closed='left')]
 [Interval(-inf, 5.65, closed='neither')
  Interval(5.65, inf, closed='left')]
 [Interval(-inf, 5.7, closed='neither') Interval(5.7, inf, closed='left')]
 [Interval(-inf, 5.7, closed='neither') Interval(5.7, inf, closed='left')]
 [Interval(-inf, 5.7, closed='neither') Interval(5.7, inf, closed='left')]
 [Interval(-inf, 5.7, closed='neither') Interval(5.7, inf, closed='left')]
 [Interval(-inf, 5.7, closed='neither') Interval(5.7, inf, closed='left')]
 [Interval(-inf, 5.7, closed='neither') Interval(5.7, inf, closed='left')]
 [Interval(-inf, 5.7, closed='neither') Interval(5.7, inf, closed='left')]
 [Interval(-inf, 5.75, closed='neither')
  Interval(5.75, inf, closed='left')]
 [Interval(-inf, 5.8, closed='neither') Interval(5.8, inf, closed='left')]
 [Interval(-inf, 5.8, closed='neither') Interval(5.8, inf, closed='left')]
 [Interval(-inf, 5.8, closed='neither') Interval(5.8, inf, closed='left')]
 [Interval(-inf, 5.8, closed='neither') Interval(5.8, inf, closed='left')]
 [Interval(-inf, 5.8, closed='neither') Interval(5.8, inf, closed='left')]
 [Interval(-inf, 5.8, closed='neither') Interval(5.8, inf, closed='left')]
 [Interval(-inf, 5.85, closed='neither')
  Interval(5.85, inf, closed='left')]
 [Interval(-inf, 5.9, closed='neither') Interval(5.9, inf, closed='left')]
 [Interval(-inf, 5.9, closed='neither') Interval(5.9, inf, closed='left')]
 [Interval(-inf, 5.95, closed='neither')
  Interval(5.95, inf, closed='left')]
 [Interval(-inf, 6.0, closed='neither') Interval(6.0, inf, closed='left')]
 [Interval(-inf, 6.0, closed='neither') Interval(6.0, inf, closed='left')]
 [Interval(-inf, 6.0, closed='neither') Interval(6.0, inf, closed='left')]
 [Interval(-inf, 6.0, closed='neither') Interval(6.0, inf, closed='left')]
 [Interval(-inf, 6.0, closed='neither') Interval(6.0, inf, closed='left')]
 [Interval(-inf, 6.05, closed='neither')
  Interval(6.05, inf, closed='left')]
 [Interval(-inf, 6.1, closed='neither') Interval(6.1, inf, closed='left')]
 [Interval(-inf, 6.1, closed='neither') Interval(6.1, inf, closed='left')]
 [Interval(-inf, 6.1, closed='neither') Interval(6.1, inf, closed='left')]
 [Interval(-inf, 6.1, closed='neither') Interval(6.1, inf, closed='left')]
 [Interval(-inf, 6.1, closed='neither') Interval(6.1, inf, closed='left')]
 [Interval(-inf, 6.15, closed='neither')
  Interval(6.15, inf, closed='left')]
 [Interval(-inf, 6.2, closed='neither') Interval(6.2, inf, closed='left')]
 [Interval(-inf, 6.2, closed='neither') Interval(6.2, inf, closed='left')]
 [Interval(-inf, 6.2, closed='neither') Interval(6.2, inf, closed='left')]
 [Interval(-inf, 6.25, closed='neither')
  Interval(6.25, inf, closed='left')]
 [Interval(-inf, 6.3, closed='neither') Interval(6.3, inf, closed='left')]
 [Interval(-inf, 6.3, closed='neither') Interval(6.3, inf, closed='left')]
 [Interval(-inf, 6.3, closed='neither') Interval(6.3, inf, closed='left')]
 [Interval(-inf, 6.3, closed='neither') Interval(6.3, inf, closed='left')]
 [Interval(-inf, 6.3, closed='neither') Interval(6.3, inf, closed='left')]
 [Interval(-inf, 6.3, closed='neither') Interval(6.3, inf, closed='left')]
 [Interval(-inf, 6.3, closed='neither') Interval(6.3, inf, closed='left')]
 [Interval(-inf, 6.3, closed='neither') Interval(6.3, inf, closed='left')]
 [Interval(-inf, 6.35, closed='neither')
  Interval(6.35, inf, closed='left')]
 [Interval(-inf, 6.4, closed='neither') Interval(6.4, inf, closed='left')]
 [Interval(-inf, 6.4, closed='neither') Interval(6.4, inf, closed='left')]
 [Interval(-inf, 6.4, closed='neither') Interval(6.4, inf, closed='left')]
 [Interval(-inf, 6.4, closed='neither') Interval(6.4, inf, closed='left')]
 [Interval(-inf, 6.4, closed='neither') Interval(6.4, inf, closed='left')]
 [Interval(-inf, 6.4, closed='neither') Interval(6.4, inf, closed='left')]
 [Interval(-inf, 6.45, closed='neither')
  Interval(6.45, inf, closed='left')]
 [Interval(-inf, 6.5, closed='neither') Interval(6.5, inf, closed='left')]
 [Interval(-inf, 6.5, closed='neither') Interval(6.5, inf, closed='left')]
 [Interval(-inf, 6.5, closed='neither') Interval(6.5, inf, closed='left')]
 [Interval(-inf, 6.5, closed='neither') Interval(6.5, inf, closed='left')]
 [Interval(-inf, 6.55, closed='neither')
  Interval(6.55, inf, closed='left')]
 [Interval(-inf, 6.6, closed='neither') Interval(6.6, inf, closed='left')]
 [Interval(-inf, 6.65, closed='neither')
  Interval(6.65, inf, closed='left')]
 [Interval(-inf, 6.7, closed='neither') Interval(6.7, inf, closed='left')]
 [Interval(-inf, 6.7, closed='neither') Interval(6.7, inf, closed='left')]
 [Interval(-inf, 6.7, closed='neither') Interval(6.7, inf, closed='left')]
 [Interval(-inf, 6.7, closed='neither') Interval(6.7, inf, closed='left')]
 [Interval(-inf, 6.7, closed='neither') Interval(6.7, inf, closed='left')]
 [Interval(-inf, 6.7, closed='neither') Interval(6.7, inf, closed='left')]
 [Interval(-inf, 6.7, closed='neither') Interval(6.7, inf, closed='left')]
 [Interval(-inf, 6.75, closed='neither')
  Interval(6.75, inf, closed='left')]
 [Interval(-inf, 6.8, closed='neither') Interval(6.8, inf, closed='left')]
 [Interval(-inf, 6.8, closed='neither') Interval(6.8, inf, closed='left')]
 [Interval(-inf, 6.85, closed='neither')
  Interval(6.85, inf, closed='left')]
 [Interval(-inf, 6.9, closed='neither') Interval(6.9, inf, closed='left')]
 [Interval(-inf, 6.9, closed='neither') Interval(6.9, inf, closed='left')]
 [Interval(-inf, 6.9, closed='neither') Interval(6.9, inf, closed='left')]
 [Interval(-inf, 6.95, closed='neither')
  Interval(6.95, inf, closed='left')]
 [Interval(-inf, 7.05, closed='neither')
  Interval(7.05, inf, closed='left')]
 [Interval(-inf, 7.15, closed='neither')
  Interval(7.15, inf, closed='left')]
 [Interval(-inf, 7.2, closed='neither') Interval(7.2, inf, closed='left')]
 [Interval(-inf, 7.2, closed='neither') Interval(7.2, inf, closed='left')]
 [Interval(-inf, 7.25, closed='neither')
  Interval(7.25, inf, closed='left')]
 [Interval(-inf, 7.35, closed='neither')
  Interval(7.35, inf, closed='left')]
 [Interval(-inf, 7.5, closed='neither') Interval(7.5, inf, closed='left')]
 [Interval(-inf, 7.65, closed='neither')
  Interval(7.65, inf, closed='left')]
 [Interval(-inf, 7.7, closed='neither') Interval(7.7, inf, closed='left')]
 [Interval(-inf, 7.7, closed='neither') Interval(7.7, inf, closed='left')]
 [Interval(-inf, 7.7, closed='neither') Interval(7.7, inf, closed='left')]
 [Interval(-inf, 7.800000000000001, closed='neither')
  Interval(7.800000000000001, inf, closed='left')]]



1
0
[[None None]
 [None None]
 [None None]
 [None None]
 [None None]
 [None None]
 [None None]
 [None None]
 [None None]
 [None None]
 [None None]
 [None None]
 [None None]
 [None None]
 [None None]
 [None None]
 [None None]
 [None None]
 [None None]
 [None None]
 [None None]
 [None None]
 [None None]
 [None None]
 [None None]
 [None None]
 [None None]
 [None None]
 [None None]
 [None None]
 [None None]
 [None None]
 [None None]
 [None None]
 [None None]
 [None None]
 [None None]
 [None None]
 [None None]
 [None None]
 [None None]
 [None None]
 [None None]
 [None None]
 [None None]
 [None None]
 [None None]
 [None None]
 [None None]
 [None None]
 [None None]
 [None None]
 [None None]
 [None None]
 [None None]
 [None None]
 [None None]
 [None None]
 [None None]
 [None None]
 [None None]
 [None None]
 [None None]
 [None None]
 [None None]
 [None None]
 [None None]
 [None None]
 [None None]
 [None None]
 [None None]
 [None None]
 [None None]
 [None None]
 [None None]
 [None None]
 [None None]
 [None None]
 [None None]
 [None None]
 [None None]
 [None None]
 [None None]
 [None None]
 [None None]
 [None None]
 [None None]
 [None None]
 [None None]
 [None None]
 [None None]
 [None None]
 [None None]
 [None None]
 [None None]
 [None None]
 [None None]
 [None None]
 [None None]
 [None None]
 [None None]
 [None None]
 [None None]
 [None None]
 [None None]
 [None None]
 [None None]
 [None None]
 [None None]
 [None None]
 [None None]
 [None None]
 [None None]
 [None None]
 [None None]
 [None None]
 [None None]
 [None None]
 [None None]
 [None None]
 [None None]
 [None None]
 [None None]
 [None None]
 [None None]
 [None None]
 [None None]
 [None None]
 [None None]
 [None None]
 [None None]
 [None None]
 [None None]
 [None None]
 [None None]
 [None None]
 [None None]
 [None None]
 [None None]
 [None None]
 [None None]
 [None None]
 [None None]
 [None None]
 [None None]
 [None None]
 [None None]
 [None None]
 [None None]]



2
0
[[None None]
 [None None]
 [None None]
 [None None]
 [None None]
 [None None]
 [None None]
 [None None]
 [None None]
 [None None]
 [None None]
 [None None]
 [None None]
 [None None]
 [None None]
 [None None]
 [None None]
 [None None]
 [None None]
 [None None]
 [None None]
 [None None]
 [None None]
 [None None]
 [None None]
 [None None]
 [None None]
 [None None]
 [None None]
 [None None]
 [None None]
 [None None]
 [None None]
 [None None]
 [None None]
 [None None]
 [None None]
 [None None]
 [None None]
 [None None]
 [None None]
 [None None]
 [None None]
 [None None]
 [None None]
 [None None]
 [None None]
 [None None]
 [None None]
 [None None]
 [None None]
 [None None]
 [None None]
 [None None]
 [None None]
 [None None]
 [None None]
 [None None]
 [None None]
 [None None]
 [None None]
 [None None]
 [None None]
 [None None]
 [None None]
 [None None]
 [None None]
 [None None]
 [None None]
 [None None]
 [None None]
 [None None]
 [None None]
 [None None]
 [None None]
 [None None]
 [None None]
 [None None]
 [None None]
 [None None]
 [None None]
 [None None]
 [None None]
 [None None]
 [None None]
 [None None]
 [None None]
 [None None]
 [None None]
 [None None]
 [None None]
 [None None]
 [None None]
 [None None]
 [None None]
 [None None]
 [None None]
 [None None]
 [None None]
 [None None]
 [None None]
 [None None]
 [None None]
 [None None]
 [None None]
 [None None]
 [None None]
 [None None]
 [None None]
 [None None]
 [None None]
 [None None]
 [None None]
 [None None]
 [None None]
 [None None]
 [None None]
 [None None]
 [None None]
 [None None]
 [None None]
 [None None]
 [None None]
 [None None]
 [None None]
 [None None]
 [None None]
 [None None]
 [None None]
 [None None]
 [None None]
 [None None]
 [None None]
 [None None]
 [None None]
 [None None]
 [None None]
 [None None]
 [None None]
 [None None]
 [None None]
 [None None]
 [None None]
 [None None]
 [None None]
 [None None]
 [None None]
 [None None]
 [None None]]



3
149
[[Interval(-inf, 0.1, closed='neither') Interval(0.1, inf, closed='left')]
 [Interval(-inf, 0.1, closed='neither') Interval(0.1, inf, closed='left')]
 [Interval(-inf, 0.1, closed='neither') Interval(0.1, inf, closed='left')]
 [Interval(-inf, 0.1, closed='neither') Interval(0.1, inf, closed='left')]
 [Interval(-inf, 0.15000000000000002, closed='neither')
  Interval(0.15000000000000002, inf, closed='left')]
 [Interval(-inf, 0.2, closed='neither') Interval(0.2, inf, closed='left')]
 [Interval(-inf, 0.2, closed='neither') Interval(0.2, inf, closed='left')]
 [Interval(-inf, 0.2, closed='neither') Interval(0.2, inf, closed='left')]
 [Interval(-inf, 0.2, closed='neither') Interval(0.2, inf, closed='left')]
 [Interval(-inf, 0.2, closed='neither') Interval(0.2, inf, closed='left')]
 [Interval(-inf, 0.2, closed='neither') Interval(0.2, inf, closed='left')]
 [Interval(-inf, 0.2, closed='neither') Interval(0.2, inf, closed='left')]
 [Interval(-inf, 0.2, closed='neither') Interval(0.2, inf, closed='left')]
 [Interval(-inf, 0.2, closed='neither') Interval(0.2, inf, closed='left')]
 [Interval(-inf, 0.2, closed='neither') Interval(0.2, inf, closed='left')]
 [Interval(-inf, 0.2, closed='neither') Interval(0.2, inf, closed='left')]
 [Interval(-inf, 0.2, closed='neither') Interval(0.2, inf, closed='left')]
 [Interval(-inf, 0.2, closed='neither') Interval(0.2, inf, closed='left')]
 [Interval(-inf, 0.2, closed='neither') Interval(0.2, inf, closed='left')]
 [Interval(-inf, 0.2, closed='neither') Interval(0.2, inf, closed='left')]
 [Interval(-inf, 0.2, closed='neither') Interval(0.2, inf, closed='left')]
 [Interval(-inf, 0.2, closed='neither') Interval(0.2, inf, closed='left')]
 [Interval(-inf, 0.2, closed='neither') Interval(0.2, inf, closed='left')]
 [Interval(-inf, 0.2, closed='neither') Interval(0.2, inf, closed='left')]
 [Interval(-inf, 0.2, closed='neither') Interval(0.2, inf, closed='left')]
 [Interval(-inf, 0.2, closed='neither') Interval(0.2, inf, closed='left')]
 [Interval(-inf, 0.2, closed='neither') Interval(0.2, inf, closed='left')]
 [Interval(-inf, 0.2, closed='neither') Interval(0.2, inf, closed='left')]
 [Interval(-inf, 0.2, closed='neither') Interval(0.2, inf, closed='left')]
 [Interval(-inf, 0.2, closed='neither') Interval(0.2, inf, closed='left')]
 [Interval(-inf, 0.2, closed='neither') Interval(0.2, inf, closed='left')]
 [Interval(-inf, 0.2, closed='neither') Interval(0.2, inf, closed='left')]
 [Interval(-inf, 0.2, closed='neither') Interval(0.2, inf, closed='left')]
 [Interval(-inf, 0.25, closed='neither')
  Interval(0.25, inf, closed='left')]
 [Interval(-inf, 0.3, closed='neither') Interval(0.3, inf, closed='left')]
 [Interval(-inf, 0.3, closed='neither') Interval(0.3, inf, closed='left')]
 [Interval(-inf, 0.3, closed='neither') Interval(0.3, inf, closed='left')]
 [Interval(-inf, 0.3, closed='neither') Interval(0.3, inf, closed='left')]
 [Interval(-inf, 0.3, closed='neither') Interval(0.3, inf, closed='left')]
 [Interval(-inf, 0.3, closed='neither') Interval(0.3, inf, closed='left')]
 [Interval(-inf, 0.35, closed='neither')
  Interval(0.35, inf, closed='left')]
 [Interval(-inf, 0.4, closed='neither') Interval(0.4, inf, closed='left')]
 [Interval(-inf, 0.4, closed='neither') Interval(0.4, inf, closed='left')]
 [Interval(-inf, 0.4, closed='neither') Interval(0.4, inf, closed='left')]
 [Interval(-inf, 0.4, closed='neither') Interval(0.4, inf, closed='left')]
 [Interval(-inf, 0.4, closed='neither') Interval(0.4, inf, closed='left')]
 [Interval(-inf, 0.4, closed='neither') Interval(0.4, inf, closed='left')]
 [Interval(-inf, 0.45, closed='neither')
  Interval(0.45, inf, closed='left')]
 [Interval(-inf, 0.55, closed='neither')
  Interval(0.55, inf, closed='left')]
 [Interval(-inf, 0.8, closed='neither') Interval(0.8, inf, closed='left')]
 [Interval(-inf, 1.0, closed='neither') Interval(1.0, inf, closed='left')]
 [Interval(-inf, 1.0, closed='neither') Interval(1.0, inf, closed='left')]
 [Interval(-inf, 1.0, closed='neither') Interval(1.0, inf, closed='left')]
 [Interval(-inf, 1.0, closed='neither') Interval(1.0, inf, closed='left')]
 [Interval(-inf, 1.0, closed='neither') Interval(1.0, inf, closed='left')]
 [Interval(-inf, 1.0, closed='neither') Interval(1.0, inf, closed='left')]
 [Interval(-inf, 1.05, closed='neither')
  Interval(1.05, inf, closed='left')]
 [Interval(-inf, 1.1, closed='neither') Interval(1.1, inf, closed='left')]
 [Interval(-inf, 1.1, closed='neither') Interval(1.1, inf, closed='left')]
 [Interval(-inf, 1.15, closed='neither')
  Interval(1.15, inf, closed='left')]
 [Interval(-inf, 1.2, closed='neither') Interval(1.2, inf, closed='left')]
 [Interval(-inf, 1.2, closed='neither') Interval(1.2, inf, closed='left')]
 [Interval(-inf, 1.2, closed='neither') Interval(1.2, inf, closed='left')]
 [Interval(-inf, 1.2, closed='neither') Interval(1.2, inf, closed='left')]
 [Interval(-inf, 1.25, closed='neither')
  Interval(1.25, inf, closed='left')]
 [Interval(-inf, 1.3, closed='neither') Interval(1.3, inf, closed='left')]
 [Interval(-inf, 1.3, closed='neither') Interval(1.3, inf, closed='left')]
 [Interval(-inf, 1.3, closed='neither') Interval(1.3, inf, closed='left')]
 [Interval(-inf, 1.3, closed='neither') Interval(1.3, inf, closed='left')]
 [Interval(-inf, 1.3, closed='neither') Interval(1.3, inf, closed='left')]
 [Interval(-inf, 1.3, closed='neither') Interval(1.3, inf, closed='left')]
 [Interval(-inf, 1.3, closed='neither') Interval(1.3, inf, closed='left')]
 [Interval(-inf, 1.3, closed='neither') Interval(1.3, inf, closed='left')]
 [Interval(-inf, 1.3, closed='neither') Interval(1.3, inf, closed='left')]
 [Interval(-inf, 1.3, closed='neither') Interval(1.3, inf, closed='left')]
 [Interval(-inf, 1.3, closed='neither') Interval(1.3, inf, closed='left')]
 [Interval(-inf, 1.3, closed='neither') Interval(1.3, inf, closed='left')]
 [Interval(-inf, 1.35, closed='neither')
  Interval(1.35, inf, closed='left')]
 [Interval(-inf, 1.4, closed='neither') Interval(1.4, inf, closed='left')]
 [Interval(-inf, 1.4, closed='neither') Interval(1.4, inf, closed='left')]
 [Interval(-inf, 1.4, closed='neither') Interval(1.4, inf, closed='left')]
 [Interval(-inf, 1.4, closed='neither') Interval(1.4, inf, closed='left')]
 [Interval(-inf, 1.4, closed='neither') Interval(1.4, inf, closed='left')]
 [Interval(-inf, 1.4, closed='neither') Interval(1.4, inf, closed='left')]
 [Interval(-inf, 1.4, closed='neither') Interval(1.4, inf, closed='left')]
 [Interval(-inf, 1.45, closed='neither')
  Interval(1.45, inf, closed='left')]
 [Interval(-inf, 1.5, closed='neither') Interval(1.5, inf, closed='left')]
 [Interval(-inf, 1.5, closed='neither') Interval(1.5, inf, closed='left')]
 [Interval(-inf, 1.5, closed='neither') Interval(1.5, inf, closed='left')]
 [Interval(-inf, 1.5, closed='neither') Interval(1.5, inf, closed='left')]
 [Interval(-inf, 1.5, closed='neither') Interval(1.5, inf, closed='left')]
 [Interval(-inf, 1.5, closed='neither') Interval(1.5, inf, closed='left')]
 [Interval(-inf, 1.5, closed='neither') Interval(1.5, inf, closed='left')]
 [Interval(-inf, 1.5, closed='neither') Interval(1.5, inf, closed='left')]
 [Interval(-inf, 1.5, closed='neither') Interval(1.5, inf, closed='left')]
 [Interval(-inf, 1.5, closed='neither') Interval(1.5, inf, closed='left')]
 [Interval(-inf, 1.5, closed='neither') Interval(1.5, inf, closed='left')]
 [Interval(-inf, 1.55, closed='neither')
  Interval(1.55, inf, closed='left')]
 [Interval(-inf, 1.6, closed='neither') Interval(1.6, inf, closed='left')]
 [Interval(-inf, 1.6, closed='neither') Interval(1.6, inf, closed='left')]
 [Interval(-inf, 1.6, closed='neither') Interval(1.6, inf, closed='left')]
 [Interval(-inf, 1.65, closed='neither')
  Interval(1.65, inf, closed='left')]
 [Interval(-inf, 1.7, closed='neither') Interval(1.7, inf, closed='left')]
 [Interval(-inf, 1.75, closed='neither')
  Interval(1.75, inf, closed='left')]
 [Interval(-inf, 1.8, closed='neither') Interval(1.8, inf, closed='left')]
 [Interval(-inf, 1.8, closed='neither') Interval(1.8, inf, closed='left')]
 [Interval(-inf, 1.8, closed='neither') Interval(1.8, inf, closed='left')]
 [Interval(-inf, 1.8, closed='neither') Interval(1.8, inf, closed='left')]
 [Interval(-inf, 1.8, closed='neither') Interval(1.8, inf, closed='left')]
 [Interval(-inf, 1.8, closed='neither') Interval(1.8, inf, closed='left')]
 [Interval(-inf, 1.8, closed='neither') Interval(1.8, inf, closed='left')]
 [Interval(-inf, 1.8, closed='neither') Interval(1.8, inf, closed='left')]
 [Interval(-inf, 1.8, closed='neither') Interval(1.8, inf, closed='left')]
 [Interval(-inf, 1.8, closed='neither') Interval(1.8, inf, closed='left')]
 [Interval(-inf, 1.8, closed='neither') Interval(1.8, inf, closed='left')]
 [Interval(-inf, 1.85, closed='neither')
  Interval(1.85, inf, closed='left')]
 [Interval(-inf, 1.9, closed='neither') Interval(1.9, inf, closed='left')]
 [Interval(-inf, 1.9, closed='neither') Interval(1.9, inf, closed='left')]
 [Interval(-inf, 1.9, closed='neither') Interval(1.9, inf, closed='left')]
 [Interval(-inf, 1.9, closed='neither') Interval(1.9, inf, closed='left')]
 [Interval(-inf, 1.95, closed='neither')
  Interval(1.95, inf, closed='left')]
 [Interval(-inf, 2.0, closed='neither') Interval(2.0, inf, closed='left')]
 [Interval(-inf, 2.0, closed='neither') Interval(2.0, inf, closed='left')]
 [Interval(-inf, 2.0, closed='neither') Interval(2.0, inf, closed='left')]
 [Interval(-inf, 2.0, closed='neither') Interval(2.0, inf, closed='left')]
 [Interval(-inf, 2.0, closed='neither') Interval(2.0, inf, closed='left')]
 [Interval(-inf, 2.05, closed='neither')
  Interval(2.05, inf, closed='left')]
 [Interval(-inf, 2.1, closed='neither') Interval(2.1, inf, closed='left')]
 [Interval(-inf, 2.1, closed='neither') Interval(2.1, inf, closed='left')]
 [Interval(-inf, 2.1, closed='neither') Interval(2.1, inf, closed='left')]
 [Interval(-inf, 2.1, closed='neither') Interval(2.1, inf, closed='left')]
 [Interval(-inf, 2.1, closed='neither') Interval(2.1, inf, closed='left')]
 [Interval(-inf, 2.1500000000000004, closed='neither')
  Interval(2.1500000000000004, inf, closed='left')]
 [Interval(-inf, 2.2, closed='neither') Interval(2.2, inf, closed='left')]
 [Interval(-inf, 2.2, closed='neither') Interval(2.2, inf, closed='left')]
 [Interval(-inf, 2.25, closed='neither')
  Interval(2.25, inf, closed='left')]
 [Interval(-inf, 2.3, closed='neither') Interval(2.3, inf, closed='left')]
 [Interval(-inf, 2.3, closed='neither') Interval(2.3, inf, closed='left')]
 [Interval(-inf, 2.3, closed='neither') Interval(2.3, inf, closed='left')]
 [Interval(-inf, 2.3, closed='neither') Interval(2.3, inf, closed='left')]
 [Interval(-inf, 2.3, closed='neither') Interval(2.3, inf, closed='left')]
 [Interval(-inf, 2.3, closed='neither') Interval(2.3, inf, closed='left')]
 [Interval(-inf, 2.3, closed='neither') Interval(2.3, inf, closed='left')]
 [Interval(-inf, 2.3499999999999996, closed='neither')
  Interval(2.3499999999999996, inf, closed='left')]
 [Interval(-inf, 2.4, closed='neither') Interval(2.4, inf, closed='left')]
 [Interval(-inf, 2.4, closed='neither') Interval(2.4, inf, closed='left')]
 [Interval(-inf, 2.45, closed='neither')
  Interval(2.45, inf, closed='left')]
 [Interval(-inf, 2.5, closed='neither') Interval(2.5, inf, closed='left')]
 [Interval(-inf, 2.5, closed='neither') Interval(2.5, inf, closed='left')]]



[[0.01063111 0.01063111 0.01063111 0.04332972 0.05451044 0.05451044
  0.05451044 0.05451044 0.10075257 0.10075257 0.12485248 0.12485248
  0.12485248 0.12485248 0.12485248 0.18831853 0.18831853 0.18831853
  0.18831853 0.18831853 0.18831853 0.18349149 0.18349149 0.18349149
  0.18349149 0.18349149 0.18349149 0.18349149 0.18349149 0.18349149
  0.18349149 0.2616485  0.2616485  0.2616485  0.2616485  0.2616485
  0.2616485  0.2616485  0.2616485  0.2616485  0.37985035 0.37985035
  0.37985035 0.37985035 0.42442302 0.44516674 0.44516674 0.44516674
  0.44516674 0.44516674 0.44516674 0.55112349 0.55112349 0.55112349
  0.55112349 0.55112349 0.55112349 0.55112349 0.55723269 0.55723269
  0.55723269 0.55723269 0.55723269 0.55723269 0.49576492 0.49576492
  0.49576492 0.49576492 0.49576492 0.49576492 0.49576492 0.49576492
  0.51604053 0.51604053 0.51604053 0.51604053 0.51604053 0.51604053
  0.51604053 0.4873895  0.4873895  0.4873895  0.46408225 0.46408225
  0.46408225 0.46408225 0.46408225 0.46408225 0.42437446 0.42437446
  0.42437446 0.42437446 0.42437446 0.42437446 0.39322859 0.39322859
  0.39322859 0.39322859 0.36408631 0.36408631 0.36408631 0.36408631
  0.36408631 0.36408631 0.36408631 0.36408631 0.36408631 0.2827143
  0.2827143  0.2827143  0.2827143  0.2827143  0.2827143  0.2827143
  0.22413609 0.22413609 0.22413609 0.22413609 0.22413609 0.18062907
  0.18062907 0.18812994 0.18812994 0.18812994 0.18812994 0.18812994
  0.18812994 0.18812994 0.18812994 0.1490883  0.1490883  0.1490883
  0.13536145 0.13536145 0.13536145 0.13536145 0.11308434 0.13716576
  0.12485248 0.12485248 0.12485248 0.0889549  0.07731852 0.06583857
  0.05451044 0.05451044 0.05451044 0.05451044 0.01063111]
 [       nan        nan        nan        nan        nan        nan
         nan        nan        nan        nan        nan        nan
         nan        nan        nan        nan        nan        nan
         nan        nan        nan        nan        nan        nan
         nan        nan        nan        nan        nan        nan
         nan        nan        nan        nan        nan        nan
         nan        nan        nan        nan        nan        nan
         nan        nan        nan        nan        nan        nan
         nan        nan        nan        nan        nan        nan
         nan        nan        nan        nan        nan        nan
         nan        nan        nan        nan        nan        nan
         nan        nan        nan        nan        nan        nan
         nan        nan        nan        nan        nan        nan
         nan        nan        nan        nan        nan        nan
         nan        nan        nan        nan        nan        nan
         nan        nan        nan        nan        nan        nan
         nan        nan        nan        nan        nan        nan
         nan        nan        nan        nan        nan        nan
         nan        nan        nan        nan        nan        nan
         nan        nan        nan        nan        nan        nan
         nan        nan        nan        nan        nan        nan
         nan        nan        nan        nan        nan        nan
         nan        nan        nan        nan        nan        nan
         nan        nan        nan        nan        nan        nan
         nan        nan        nan        nan        nan]
 [       nan        nan        nan        nan        nan        nan
         nan        nan        nan        nan        nan        nan
         nan        nan        nan        nan        nan        nan
         nan        nan        nan        nan        nan        nan
         nan        nan        nan        nan        nan        nan
         nan        nan        nan        nan        nan        nan
         nan        nan        nan        nan        nan        nan
         nan        nan        nan        nan        nan        nan
         nan        nan        nan        nan        nan        nan
         nan        nan        nan        nan        nan        nan
         nan        nan        nan        nan        nan        nan
         nan        nan        nan        nan        nan        nan
         nan        nan        nan        nan        nan        nan
         nan        nan        nan        nan        nan        nan
         nan        nan        nan        nan        nan        nan
         nan        nan        nan        nan        nan        nan
         nan        nan        nan        nan        nan        nan
         nan        nan        nan        nan        nan        nan
         nan        nan        nan        nan        nan        nan
         nan        nan        nan        nan        nan        nan
         nan        nan        nan        nan        nan        nan
         nan        nan        nan        nan        nan        nan
         nan        nan        nan        nan        nan        nan
         nan        nan        nan        nan        nan        nan
         nan        nan        nan        nan        nan]
 [0.         0.         0.         0.         0.05451044 0.05451044
  0.05451044 0.05451044 0.05451044 0.05451044 0.05451044 0.05451044
  0.05451044 0.05451044 0.05451044 0.05451044 0.05451044 0.05451044
  0.05451044 0.05451044 0.05451044 0.05451044 0.05451044 0.05451044
  0.05451044 0.05451044 0.05451044 0.05451044 0.05451044 0.05451044
  0.05451044 0.05451044 0.05451044 0.47069466 0.47069466 0.47069466
  0.47069466 0.47069466 0.47069466 0.47069466 0.61951485 0.61951485
  0.61951485 0.61951485 0.61951485 0.61951485 0.61951485 0.82361739
  0.86433756 0.91829583 0.91829583 0.91829583 0.91829583 0.91829583
  0.91829583 0.91829583 0.76329575 0.76329575 0.76329575 0.7303079
  0.7303079  0.7303079  0.7303079  0.7303079  0.69337414 0.69337414
  0.69337414 0.69337414 0.69337414 0.69337414 0.69337414 0.69337414
  0.69337414 0.69337414 0.69337414 0.69337414 0.69337414 0.66898303
  0.66898303 0.66898303 0.66898303 0.66898303 0.66898303 0.66898303
  0.66898303 0.64351642 0.64351642 0.64351642 0.64351642 0.64351642
  0.64351642 0.64351642 0.64351642 0.64351642 0.64351642 0.64351642
  0.64351642 0.66557565 0.66557565 0.66557565 0.66557565 0.68955766
  0.68955766 0.68580944 0.68580944 0.68580944 0.68580944 0.68580944
  0.68580944 0.68580944 0.68580944 0.68580944 0.68580944 0.68580944
  0.68580944 0.47069466 0.47069466 0.47069466 0.47069466 0.47069466
  0.38124139 0.38124139 0.38124139 0.38124139 0.38124139 0.38124139
  0.28632668 0.28632668 0.28632668 0.28632668 0.28632668 0.28632668
  0.20161624 0.20161624 0.20161624 0.16234898 0.16234898 0.16234898
  0.16234898 0.16234898 0.16234898 0.16234898 0.16234898 0.06583857
  0.06583857 0.06583857 0.03229224 0.03229224 0.03229224]]


Best Feature Ix: 3
0.9182958340544894
[Interval(-inf, 0.8, closed='neither') Interval(0.8, inf, closed='left')]
