------------------------
MUST REMOVE ANYTREE
------------------------
Data Dims (20, 5)
Learning Set Entropy: 0.8112781244591328
<class 'numpy.ndarray'>
(4, 19, 2)
0
19
[[Interval(-inf, 4.699999999999999, closed='neither')
  Interval(4.699999999999999, inf, closed='left')]
 [Interval(-inf, 4.85, closed='neither')
  Interval(4.85, inf, closed='left')]
 [Interval(-inf, 4.95, closed='neither')
  Interval(4.95, inf, closed='left')]
 [Interval(-inf, 5.0, closed='neither') Interval(5.0, inf, closed='left')]
 [Interval(-inf, 5.05, closed='neither')
  Interval(5.05, inf, closed='left')]
 [Interval(-inf, 5.15, closed='neither')
  Interval(5.15, inf, closed='left')]
 [Interval(-inf, 5.25, closed='neither')
  Interval(5.25, inf, closed='left')]
 [Interval(-inf, 5.4, closed='neither') Interval(5.4, inf, closed='left')]
 [Interval(-inf, 5.55, closed='neither')
  Interval(5.55, inf, closed='left')]
 [Interval(-inf, 5.65, closed='neither')
  Interval(5.65, inf, closed='left')]
 [Interval(-inf, 5.800000000000001, closed='neither')
  Interval(5.800000000000001, inf, closed='left')]
 [Interval(-inf, 5.95, closed='neither')
  Interval(5.95, inf, closed='left')]
 [Interval(-inf, 6.05, closed='neither')
  Interval(6.05, inf, closed='left')]
 [Interval(-inf, 6.199999999999999, closed='neither')
  Interval(6.199999999999999, inf, closed='left')]
 [Interval(-inf, 6.35, closed='neither')
  Interval(6.35, inf, closed='left')]
 [Interval(-inf, 6.45, closed='neither')
  Interval(6.45, inf, closed='left')]
 [Interval(-inf, 6.55, closed='neither')
  Interval(6.55, inf, closed='left')]
 [Interval(-inf, 6.75, closed='neither')
  Interval(6.75, inf, closed='left')]
 [Interval(-inf, 6.95, closed='neither')
  Interval(6.95, inf, closed='left')]]



1
19
[[Interval(-inf, 2.1, closed='neither') Interval(2.1, inf, closed='left')]
 [Interval(-inf, 2.25, closed='neither')
  Interval(2.25, inf, closed='left')]
 [Interval(-inf, 2.3499999999999996, closed='neither')
  Interval(2.3499999999999996, inf, closed='left')]
 [Interval(-inf, 2.55, closed='neither')
  Interval(2.55, inf, closed='left')]
 [Interval(-inf, 2.75, closed='neither')
  Interval(2.75, inf, closed='left')]
 [Interval(-inf, 2.8, closed='neither') Interval(2.8, inf, closed='left')]
 [Interval(-inf, 2.8499999999999996, closed='neither')
  Interval(2.8499999999999996, inf, closed='left')]
 [Interval(-inf, 2.9, closed='neither') Interval(2.9, inf, closed='left')]
 [Interval(-inf, 2.9, closed='neither') Interval(2.9, inf, closed='left')]
 [Interval(-inf, 2.95, closed='neither')
  Interval(2.95, inf, closed='left')]
 [Interval(-inf, 3.0, closed='neither') Interval(3.0, inf, closed='left')]
 [Interval(-inf, 3.05, closed='neither')
  Interval(3.05, inf, closed='left')]
 [Interval(-inf, 3.1500000000000004, closed='neither')
  Interval(3.1500000000000004, inf, closed='left')]
 [Interval(-inf, 3.2, closed='neither') Interval(3.2, inf, closed='left')]
 [Interval(-inf, 3.2, closed='neither') Interval(3.2, inf, closed='left')]
 [Interval(-inf, 3.25, closed='neither')
  Interval(3.25, inf, closed='left')]
 [Interval(-inf, 3.3, closed='neither') Interval(3.3, inf, closed='left')]
 [Interval(-inf, 3.5, closed='neither') Interval(3.5, inf, closed='left')]
 [Interval(-inf, 3.75, closed='neither')
  Interval(3.75, inf, closed='left')]]



2
19
[[Interval(-inf, 1.4, closed='neither') Interval(1.4, inf, closed='left')]
 [Interval(-inf, 1.4, closed='neither') Interval(1.4, inf, closed='left')]
 [Interval(-inf, 1.45, closed='neither')
  Interval(1.45, inf, closed='left')]
 [Interval(-inf, 1.55, closed='neither')
  Interval(1.55, inf, closed='left')]
 [Interval(-inf, 2.45, closed='neither')
  Interval(2.45, inf, closed='left')]
 [Interval(-inf, 3.4, closed='neither') Interval(3.4, inf, closed='left')]
 [Interval(-inf, 3.55, closed='neither')
  Interval(3.55, inf, closed='left')]
 [Interval(-inf, 3.75, closed='neither')
  Interval(3.75, inf, closed='left')]
 [Interval(-inf, 3.95, closed='neither')
  Interval(3.95, inf, closed='left')]
 [Interval(-inf, 4.0, closed='neither') Interval(4.0, inf, closed='left')]
 [Interval(-inf, 4.1, closed='neither') Interval(4.1, inf, closed='left')]
 [Interval(-inf, 4.35, closed='neither')
  Interval(4.35, inf, closed='left')]
 [Interval(-inf, 4.5, closed='neither') Interval(4.5, inf, closed='left')]
 [Interval(-inf, 4.55, closed='neither')
  Interval(4.55, inf, closed='left')]
 [Interval(-inf, 4.6, closed='neither') Interval(4.6, inf, closed='left')]
 [Interval(-inf, 4.65, closed='neither')
  Interval(4.65, inf, closed='left')]
 [Interval(-inf, 4.7, closed='neither') Interval(4.7, inf, closed='left')]
 [Interval(-inf, 4.7, closed='neither') Interval(4.7, inf, closed='left')]
 [Interval(-inf, 4.800000000000001, closed='neither')
  Interval(4.800000000000001, inf, closed='left')]]



3
19
[[Interval(-inf, 0.2, closed='neither') Interval(0.2, inf, closed='left')]
 [Interval(-inf, 0.2, closed='neither') Interval(0.2, inf, closed='left')]
 [Interval(-inf, 0.2, closed='neither') Interval(0.2, inf, closed='left')]
 [Interval(-inf, 0.25, closed='neither')
  Interval(0.25, inf, closed='left')]
 [Interval(-inf, 0.65, closed='neither')
  Interval(0.65, inf, closed='left')]
 [Interval(-inf, 1.0, closed='neither') Interval(1.0, inf, closed='left')]
 [Interval(-inf, 1.0, closed='neither') Interval(1.0, inf, closed='left')]
 [Interval(-inf, 1.15, closed='neither')
  Interval(1.15, inf, closed='left')]
 [Interval(-inf, 1.3, closed='neither') Interval(1.3, inf, closed='left')]
 [Interval(-inf, 1.3, closed='neither') Interval(1.3, inf, closed='left')]
 [Interval(-inf, 1.3, closed='neither') Interval(1.3, inf, closed='left')]
 [Interval(-inf, 1.35, closed='neither')
  Interval(1.35, inf, closed='left')]
 [Interval(-inf, 1.4, closed='neither') Interval(1.4, inf, closed='left')]
 [Interval(-inf, 1.4, closed='neither') Interval(1.4, inf, closed='left')]
 [Interval(-inf, 1.45, closed='neither')
  Interval(1.45, inf, closed='left')]
 [Interval(-inf, 1.5, closed='neither') Interval(1.5, inf, closed='left')]
 [Interval(-inf, 1.5, closed='neither') Interval(1.5, inf, closed='left')]
 [Interval(-inf, 1.5, closed='neither') Interval(1.5, inf, closed='left')]
 [Interval(-inf, 1.55, closed='neither')
  Interval(1.55, inf, closed='left')]]



[[0.10591493 0.22625794 0.10208315 0.10208315 0.14365835 0.27592675
  0.21213996 0.42950452 0.3652939  0.31127812 0.26456151 0.22335687
  0.18647433 0.15307795 0.12255625 0.09444754 0.06839423 0.04411346
  0.02137746]
 [0.02137746 0.04411346 0.06839423 0.09444754 0.12255625 0.12255625
  0.18647433 0.18647433 0.18647433 0.31127812 0.31127812 0.16298801
  0.21213996 0.21213996 0.21213996 0.21417095 0.21417095 0.22625794
  0.10591493]
 [0.         0.         0.36710266 0.54144607 0.81127812 0.6162714
  0.50918593 0.42950452 0.3652939  0.3652939  0.26456151 0.22335687
  0.22335687 0.15307795 0.15307795 0.09444754 0.09444754 0.09444754
  0.02137746]
 [0.         0.         0.         0.54144607 0.81127812 0.81127812
  0.81127812 0.42950452 0.42950452 0.42950452 0.42950452 0.22335687
  0.22335687 0.22335687 0.12255625 0.12255625 0.12255625 0.12255625
  0.02137746]]


Best Feature Ix: 2
0.8112781244591328
[Interval(-inf, 2.45, closed='neither') Interval(2.45, inf, closed='left')] <class 'numpy.ndarray'>
[1.4 1.6 1.4 1.5 1.4 4.7 4.5 4.9 4.  4.6 4.5 4.7 3.3 4.6 3.9 3.5 4.2 4.
 4.7 3.6]
[0 1 2 3 4]

Subset 0:
[[4.8 3.  1.4 0.3 0. ]
 [5.1 3.8 1.6 0.2 0. ]
 [4.6 3.2 1.4 0.2 0. ]
 [5.3 3.7 1.5 0.2 0. ]
 [5.  3.3 1.4 0.2 0. ]]

Subset 1:
[[7.  3.2 4.7 1.4 1. ]
 [6.4 3.2 4.5 1.5 1. ]
 [6.9 3.1 4.9 1.5 1. ]
 [5.5 2.3 4.  1.3 1. ]
 [6.5 2.8 4.6 1.5 1. ]
 [5.7 2.8 4.5 1.3 1. ]
 [6.3 3.3 4.7 1.6 1. ]
 [4.9 2.4 3.3 1.  1. ]
 [6.6 2.9 4.6 1.3 1. ]
 [5.2 2.7 3.9 1.4 1. ]
 [5.  2.  3.5 1.  1. ]
 [5.9 3.  4.2 1.5 1. ]
 [6.  2.2 4.  1.  1. ]
 [6.1 2.9 4.7 1.4 1. ]
 [5.6 2.9 3.6 1.3 1. ]]
<class '__main__.TreeNode'> object at 0x2101cf02d90: (attribute=2, category=None, decision=None)
[[4.8 3.  1.4 0.3 0. ]
 [5.1 3.8 1.6 0.2 0. ]
 [4.6 3.2 1.4 0.2 0. ]
 [5.3 3.7 1.5 0.2 0. ]
 [5.  3.3 1.4 0.2 0. ]]
<class '__main__.TreeNode'> object at 0x2101cf5e760: (attribute=None, category=(-inf, 2.45), decision=None)
[[7.  3.2 4.7 1.4 1. ]
 [6.4 3.2 4.5 1.5 1. ]
 [6.9 3.1 4.9 1.5 1. ]
 [5.5 2.3 4.  1.3 1. ]
 [6.5 2.8 4.6 1.5 1. ]
 [5.7 2.8 4.5 1.3 1. ]
 [6.3 3.3 4.7 1.6 1. ]
 [4.9 2.4 3.3 1.  1. ]
 [6.6 2.9 4.6 1.3 1. ]
 [5.2 2.7 3.9 1.4 1. ]
 [5.  2.  3.5 1.  1. ]
 [5.9 3.  4.2 1.5 1. ]
 [6.  2.2 4.  1.  1. ]
 [6.1 2.9 4.7 1.4 1. ]
 [5.6 2.9 3.6 1.3 1. ]]
<class '__main__.TreeNode'> object at 0x2101cf02f40: (attribute=None, category=[2.45, inf), decision=None)
