------------------------
MUST REMOVE ANYTREE
------------------------
Data Dims (10, 5)
Learning Set Entropy: 1.0
<class 'numpy.ndarray'>
(4, 9, 2)
0
9
[[Interval(-inf, 4.699999999999999, closed='neither')
  Interval(4.699999999999999, inf, closed='left')]
 [Interval(-inf, 4.9, closed='neither') Interval(4.9, inf, closed='left')]
 [Interval(-inf, 5.05, closed='neither')
  Interval(5.05, inf, closed='left')]
 [Interval(-inf, 5.199999999999999, closed='neither')
  Interval(5.199999999999999, inf, closed='left')]
 [Interval(-inf, 5.4, closed='neither') Interval(5.4, inf, closed='left')]
 [Interval(-inf, 5.95, closed='neither')
  Interval(5.95, inf, closed='left')]
 [Interval(-inf, 6.45, closed='neither')
  Interval(6.45, inf, closed='left')]
 [Interval(-inf, 6.7, closed='neither') Interval(6.7, inf, closed='left')]
 [Interval(-inf, 6.95, closed='neither')
  Interval(6.95, inf, closed='left')]]



1
9
[[Interval(-inf, 2.55, closed='neither')
  Interval(2.55, inf, closed='left')]
 [Interval(-inf, 2.9, closed='neither') Interval(2.9, inf, closed='left')]
 [Interval(-inf, 3.05, closed='neither')
  Interval(3.05, inf, closed='left')]
 [Interval(-inf, 3.1500000000000004, closed='neither')
  Interval(3.1500000000000004, inf, closed='left')]
 [Interval(-inf, 3.2, closed='neither') Interval(3.2, inf, closed='left')]
 [Interval(-inf, 3.2, closed='neither') Interval(3.2, inf, closed='left')]
 [Interval(-inf, 3.25, closed='neither')
  Interval(3.25, inf, closed='left')]
 [Interval(-inf, 3.5, closed='neither') Interval(3.5, inf, closed='left')]
 [Interval(-inf, 3.75, closed='neither')
  Interval(3.75, inf, closed='left')]]



2
9
[[Interval(-inf, 1.4, closed='neither') Interval(1.4, inf, closed='left')]
 [Interval(-inf, 1.4, closed='neither') Interval(1.4, inf, closed='left')]
 [Interval(-inf, 1.45, closed='neither')
  Interval(1.45, inf, closed='left')]
 [Interval(-inf, 1.55, closed='neither')
  Interval(1.55, inf, closed='left')]
 [Interval(-inf, 2.8, closed='neither') Interval(2.8, inf, closed='left')]
 [Interval(-inf, 4.25, closed='neither')
  Interval(4.25, inf, closed='left')]
 [Interval(-inf, 4.55, closed='neither')
  Interval(4.55, inf, closed='left')]
 [Interval(-inf, 4.65, closed='neither')
  Interval(4.65, inf, closed='left')]
 [Interval(-inf, 4.800000000000001, closed='neither')
  Interval(4.800000000000001, inf, closed='left')]]



3
9
[[Interval(-inf, 0.2, closed='neither') Interval(0.2, inf, closed='left')]
 [Interval(-inf, 0.2, closed='neither') Interval(0.2, inf, closed='left')]
 [Interval(-inf, 0.2, closed='neither') Interval(0.2, inf, closed='left')]
 [Interval(-inf, 0.25, closed='neither')
  Interval(0.25, inf, closed='left')]
 [Interval(-inf, 0.8, closed='neither') Interval(0.8, inf, closed='left')]
 [Interval(-inf, 1.35, closed='neither')
  Interval(1.35, inf, closed='left')]
 [Interval(-inf, 1.45, closed='neither')
  Interval(1.45, inf, closed='left')]
 [Interval(-inf, 1.5, closed='neither') Interval(1.5, inf, closed='left')]
 [Interval(-inf, 1.5, closed='neither') Interval(1.5, inf, closed='left')]]



[[0.10803155 0.2364528  0.3958156  0.60998655 1.         0.60998655
  0.3958156  0.2364528  0.10803155]
 [0.10803155 0.2364528  0.03485155 0.12451125 0.12451125 0.12451125
  0.3958156  0.2364528  0.10803155]
 [0.         0.         0.3958156  0.60998655 1.         0.60998655
  0.3958156  0.2364528  0.10803155]
 [0.         0.         0.         0.60998655 1.         0.60998655
  0.3958156  0.3958156  0.3958156 ]]


Best Feature Ix: 0
1.0
[Interval(-inf, 5.4, closed='neither') Interval(5.4, inf, closed='left')] <class 'numpy.ndarray'>
[4.8 5.1 4.6 5.3 5.  7.  6.4 6.9 5.5 6.5]
[0 1 2 3 4]

Subset 0:
[[4.8 3.  1.4 0.3 0. ]
 [5.1 3.8 1.6 0.2 0. ]
 [4.6 3.2 1.4 0.2 0. ]
 [5.3 3.7 1.5 0.2 0. ]
 [5.  3.3 1.4 0.2 0. ]]

Subset 1:
[[7.  3.2 4.7 1.4 1. ]
 [6.4 3.2 4.5 1.5 1. ]
 [6.9 3.1 4.9 1.5 1. ]
 [5.5 2.3 4.  1.3 1. ]
 [6.5 2.8 4.6 1.5 1. ]]
Learning Set Entropy: -0.0
Learning Set Entropy: -0.0

-----------------------
[[4.8 3.  1.4 0.3 0. ]
 [5.1 3.8 1.6 0.2 0. ]
 [4.6 3.2 1.4 0.2 0. ]
 [5.3 3.7 1.5 0.2 0. ]
 [5.  3.3 1.4 0.2 0. ]
 [7.  3.2 4.7 1.4 1. ]
 [6.4 3.2 4.5 1.5 1. ]
 [6.9 3.1 4.9 1.5 1. ]
 [5.5 2.3 4.  1.3 1. ]
 [6.5 2.8 4.6 1.5 1. ]]

-----------------------

-----------------------
TREE
[0:None:None]
├── [None:(-inf, 5.4):0.0]
└── [None:[5.4, inf):1.0]

-----------------------
