
In __main__
[['sunny' 'hot' 'high' False 'N']
 ['sunny' 'hot' 'high' True 'N']
 ['overcast' 'hot' 'high' False 'P']
 ['rain' 'mild' 'high' False 'P']
 ['rain' 'cool' 'normal' False 'P']
 ['rain' 'cool' 'normal' True 'N']
 ['overcast' 'cool' 'normal' True 'P']
 ['sunny' 'mild' 'high' False 'N']
 ['sunny' 'cool' 'normal' False 'P']
 ['rain' 'mild' 'normal' False 'P']
 ['sunny' 'mild' 'normal' True 'P']
 ['overcast' 'mild' 'high' True 'P']
 ['overcast' 'hot' 'normal' False 'P']
 ['rain' 'mild' 'high' True 'N']]
['N' 'N' 'P' 'P' 'P' 'N' 'P' 'N' 'P' 'P' 'P' 'P' 'P' 'N']
[5 9]

Learning Set Entropy:0.9402859586706309


0
<class '__main__.Node'> object at 0x1b65f3b50a0: (attribute=None, category=overcast, decision=None)
[['overcast' 'hot' 'high' False 'P']
 ['overcast' 'cool' 'normal' True 'P']
 ['overcast' 'mild' 'high' True 'P']
 ['overcast' 'hot' 'normal' False 'P']]


['P' 'P' 'P' 'P']
[4]

Learning Set Entropy:-0.0

In `if learning_set_entropy == 0`
<class '__main__.Node'> object at 0x1b65f3b50a0: (attribute=None, category=overcast, decision=P)
<class '__main__.Node'> object at 0x1b65fa41850: (attribute=None, category=rain, decision=None)
[['rain' 'mild' 'high' False 'P']
 ['rain' 'cool' 'normal' False 'P']
 ['rain' 'cool' 'normal' True 'N']
 ['rain' 'mild' 'normal' False 'P']
 ['rain' 'mild' 'high' True 'N']]


['P' 'P' 'N' 'P' 'N']
[2 3]

Learning Set Entropy:0.9709505944546686


0
<class '__main__.Node'> object at 0x1b65b96d610: (attribute=None, category=rain, decision=None)
[['rain' 'mild' 'high' False 'P']
 ['rain' 'cool' 'normal' False 'P']
 ['rain' 'cool' 'normal' True 'N']
 ['rain' 'mild' 'normal' False 'P']
 ['rain' 'mild' 'high' True 'N']]


['P' 'P' 'N' 'P' 'N']
[2 3]

Learning Set Entropy:0.9709505944546686


0
<class '__main__.Node'> object at 0x1b65fa41910: (attribute=None, category=rain, decision=None)
[['rain' 'mild' 'high' False 'P']
 ['rain' 'cool' 'normal' False 'P']
 ['rain' 'cool' 'normal' True 'N']
 ['rain' 'mild' 'normal' False 'P']
 ['rain' 'mild' 'high' True 'N']]


['P' 'P' 'N' 'P' 'N']
[2 3]

Learning Set Entropy:0.9709505944546686


0
<class '__main__.Node'> object at 0x1b65fa34dc0: (attribute=None, category=rain, decision=None)
[['rain' 'mild' 'high' False 'P']
 ['rain' 'cool' 'normal' False 'P']
 ['rain' 'cool' 'normal' True 'N']
 ['rain' 'mild' 'normal' False 'P']
 ['rain' 'mild' 'high' True 'N']]


['P' 'P' 'N' 'P' 'N']
[2 3]

Learning Set Entropy:0.9709505944546686


0
<class '__main__.Node'> object at 0x1b65fa34bb0: (attribute=None, category=rain, decision=None)
[['rain' 'mild' 'high' False 'P']
 ['rain' 'cool' 'normal' False 'P']
 ['rain' 'cool' 'normal' True 'N']
 ['rain' 'mild' 'normal' False 'P']
 ['rain' 'mild' 'high' True 'N']]


['P' 'P' 'N' 'P' 'N']
[2 3]

Learning Set Entropy:0.9709505944546686


0
<class '__main__.Node'> object at 0x1b65fa34fa0: (attribute=None, category=rain, decision=None)
[['rain' 'mild' 'high' False 'P']
 ['rain' 'cool' 'normal' False 'P']
 ['rain' 'cool' 'normal' True 'N']
 ['rain' 'mild' 'normal' False 'P']
 ['rain' 'mild' 'high' True 'N']]


['P' 'P' 'N' 'P' 'N']
[2 3]

Learning Set Entropy:0.9709505944546686


0
<class '__main__.Node'> object at 0x1b65fa345e0: (attribute=None, category=rain, decision=None)
[['rain' 'mild' 'high' False 'P']
 ['rain' 'cool' 'normal' False 'P']
 ['rain' 'cool' 'normal' True 'N']
 ['rain' 'mild' 'normal' False 'P']
 ['rain' 'mild' 'high' True 'N']]


['P' 'P' 'N' 'P' 'N']
[2 3]

Learning Set Entropy:0.9709505944546686
